[train] 4326 steps/epoch, 21630 total, amp=True amp_dtype=torch.bfloat16
ep 0 step 50 lr=3.00e-05 loss=6.0497 mark=5.0239 time=10.2575 acc1=0.0144
ep 0 step 100 lr=6.00e-05 loss=5.8892 mark=5.0042 time=8.8498 acc1=0.0191
ep 0 step 150 lr=9.00e-05 loss=5.8013 mark=4.9710 time=8.3034 acc1=0.0283
ep 0 step 200 lr=1.20e-04 loss=5.6462 mark=4.8479 time=7.9836 acc1=0.0364
ep 0 step 250 lr=1.50e-04 loss=5.4265 mark=4.6473 time=7.7917 acc1=0.0580
ep 0 step 300 lr=1.80e-04 loss=5.1856 mark=4.4207 time=7.6494 acc1=0.0922
ep 0 step 350 lr=2.10e-04 loss=4.9855 mark=4.2292 time=7.5633 acc1=0.1199
ep 0 step 400 lr=2.40e-04 loss=4.8133 mark=4.0652 time=7.4809 acc1=0.1434
ep 0 step 450 lr=2.70e-04 loss=4.6737 mark=3.9324 time=7.4131 acc1=0.1638
ep 0 step 500 lr=3.00e-04 loss=4.5482 mark=3.8126 time=7.3553 acc1=0.1808
ep 0 step 550 lr=3.00e-04 loss=4.4436 mark=3.7107 time=7.3285 acc1=0.1969
ep 0 step 600 lr=3.00e-04 loss=4.3545 mark=3.6256 time=7.2888 acc1=0.2095
ep 0 step 650 lr=3.00e-04 loss=4.2772 mark=3.5510 time=7.2626 acc1=0.2208
ep 0 step 700 lr=3.00e-04 loss=4.2124 mark=3.4895 time=7.2293 acc1=0.2280
ep 0 step 750 lr=3.00e-04 loss=4.1542 mark=3.4338 time=7.2040 acc1=0.2357
ep 0 step 800 lr=3.00e-04 loss=4.0955 mark=3.3780 time=7.1756 acc1=0.2444
ep 0 step 850 lr=3.00e-04 loss=4.0459 mark=3.3307 time=7.1513 acc1=0.2514
ep 0 step 900 lr=3.00e-04 loss=3.9965 mark=3.2835 time=7.1296 acc1=0.2575
ep 0 step 950 lr=3.00e-04 loss=3.9523 mark=3.2419 time=7.1042 acc1=0.2636
ep 0 step 1000 lr=3.00e-04 loss=3.9113 mark=3.2027 time=7.0857 acc1=0.2695
ep 0 step 1050 lr=2.99e-04 loss=3.8743 mark=3.1689 time=7.0548 acc1=0.2738
ep 0 step 1100 lr=2.99e-04 loss=3.8369 mark=3.1335 time=7.0342 acc1=0.2787
ep 0 step 1150 lr=2.99e-04 loss=3.8032 mark=3.1025 time=7.0068 acc1=0.2830
ep 0 step 1200 lr=2.99e-04 loss=3.7687 mark=3.0690 time=6.9968 acc1=0.2884
ep 0 step 1250 lr=2.99e-04 loss=3.7401 mark=3.0425 time=6.9768 acc1=0.2925
ep 0 step 1300 lr=2.99e-04 loss=3.7104 mark=3.0145 time=6.9587 acc1=0.2969
ep 0 step 1350 lr=2.99e-04 loss=3.6813 mark=2.9865 time=6.9481 acc1=0.3012
ep 0 step 1400 lr=2.99e-04 loss=3.6517 mark=2.9583 time=6.9349 acc1=0.3056
ep 0 step 1450 lr=2.99e-04 loss=3.6225 mark=2.9298 time=6.9268 acc1=0.3106
ep 0 step 1500 lr=2.98e-04 loss=3.5957 mark=2.9045 time=6.9118 acc1=0.3145
ep 0 step 1550 lr=2.98e-04 loss=3.5703 mark=2.8802 time=6.9010 acc1=0.3186
ep 0 step 1600 lr=2.98e-04 loss=3.5448 mark=2.8560 time=6.8884 acc1=0.3231
ep 0 step 1650 lr=2.98e-04 loss=3.5176 mark=2.8296 time=6.8797 acc1=0.3276
ep 0 step 1700 lr=2.98e-04 loss=3.4953 mark=2.8088 time=6.8648 acc1=0.3311
ep 0 step 1750 lr=2.97e-04 loss=3.4707 mark=2.7847 time=6.8601 acc1=0.3358
ep 0 step 1800 lr=2.97e-04 loss=3.4462 mark=2.7610 time=6.8523 acc1=0.3404
ep 0 step 1850 lr=2.97e-04 loss=3.4233 mark=2.7386 time=6.8474 acc1=0.3447
ep 0 step 1900 lr=2.97e-04 loss=3.4026 mark=2.7188 time=6.8376 acc1=0.3483
ep 0 step 1950 lr=2.97e-04 loss=3.3831 mark=2.7002 time=6.8281 acc1=0.3520
ep 0 step 2000 lr=2.96e-04 loss=3.3616 mark=2.6800 time=6.8157 acc1=0.3558
ep 0 step 2050 lr=2.96e-04 loss=3.3416 mark=2.6608 time=6.8072 acc1=0.3597
ep 0 step 2100 lr=2.96e-04 loss=3.3233 mark=2.6433 time=6.8003 acc1=0.3629
ep 0 step 2150 lr=2.96e-04 loss=3.3022 mark=2.6232 time=6.7904 acc1=0.3670
ep 0 step 2200 lr=2.95e-04 loss=3.2813 mark=2.6028 time=6.7855 acc1=0.3713
ep 0 step 2250 lr=2.95e-04 loss=3.2630 mark=2.5854 time=6.7754 acc1=0.3748
ep 0 step 2300 lr=2.95e-04 loss=3.2444 mark=2.5679 time=6.7648 acc1=0.3783
ep 0 step 2350 lr=2.94e-04 loss=3.2258 mark=2.5501 time=6.7567 acc1=0.3821
ep 0 step 2400 lr=2.94e-04 loss=3.2076 mark=2.5326 time=6.7500 acc1=0.3859
ep 0 step 2450 lr=2.94e-04 loss=3.1874 mark=2.5132 time=6.7419 acc1=0.3901
ep 0 step 2500 lr=2.93e-04 loss=3.1707 mark=2.4971 time=6.7365 acc1=0.3939
ep 0 step 2550 lr=2.93e-04 loss=3.1534 mark=2.4801 time=6.7329 acc1=0.3973
ep 0 step 2600 lr=2.93e-04 loss=3.1353 mark=2.4629 time=6.7240 acc1=0.4010
ep 0 step 2650 lr=2.92e-04 loss=3.1187 mark=2.4467 time=6.7197 acc1=0.4049
ep 0 step 2700 lr=2.92e-04 loss=3.1023 mark=2.4310 time=6.7134 acc1=0.4083
ep 0 step 2750 lr=2.92e-04 loss=3.0869 mark=2.4161 time=6.7074 acc1=0.4118
ep 0 step 2800 lr=2.91e-04 loss=3.0723 mark=2.4023 time=6.7004 acc1=0.4148
ep 0 step 2850 lr=2.91e-04 loss=3.0577 mark=2.3883 time=6.6947 acc1=0.4180
ep 0 step 2900 lr=2.91e-04 loss=3.0433 mark=2.3741 time=6.6918 acc1=0.4215
ep 0 step 2950 lr=2.90e-04 loss=3.0294 mark=2.3605 time=6.6886 acc1=0.4249
ep 0 step 3000 lr=2.90e-04 loss=3.0141 mark=2.3457 time=6.6842 acc1=0.4283
ep 0 step 3050 lr=2.89e-04 loss=2.9997 mark=2.3319 time=6.6784 acc1=0.4318
ep 0 step 3100 lr=2.89e-04 loss=2.9860 mark=2.3187 time=6.6730 acc1=0.4349
ep 0 step 3150 lr=2.89e-04 loss=2.9721 mark=2.3053 time=6.6684 acc1=0.4380
ep 0 step 3200 lr=2.88e-04 loss=2.9593 mark=2.2928 time=6.6644 acc1=0.4412
ep 0 step 3250 lr=2.88e-04 loss=2.9481 mark=2.2820 time=6.6612 acc1=0.4440
ep 0 step 3300 lr=2.87e-04 loss=2.9348 mark=2.2692 time=6.6558 acc1=0.4472
ep 0 step 3350 lr=2.87e-04 loss=2.9212 mark=2.2561 time=6.6513 acc1=0.4504
ep 0 step 3400 lr=2.86e-04 loss=2.9085 mark=2.2436 time=6.6489 acc1=0.4532
ep 0 step 3450 lr=2.86e-04 loss=2.8959 mark=2.2313 time=6.6457 acc1=0.4563
ep 0 step 3500 lr=2.85e-04 loss=2.8835 mark=2.2191 time=6.6443 acc1=0.4591
ep 0 step 3550 lr=2.85e-04 loss=2.8715 mark=2.2076 time=6.6385 acc1=0.4622
ep 0 step 3600 lr=2.84e-04 loss=2.8599 mark=2.1967 time=6.6316 acc1=0.4648
ep 0 step 3650 lr=2.84e-04 loss=2.8484 mark=2.1855 time=6.6287 acc1=0.4677
ep 0 step 3700 lr=2.83e-04 loss=2.8370 mark=2.1745 time=6.6253 acc1=0.4704
ep 0 step 3750 lr=2.83e-04 loss=2.8262 mark=2.1643 time=6.6191 acc1=0.4729
ep 0 step 3800 lr=2.82e-04 loss=2.8149 mark=2.1535 time=6.6139 acc1=0.4755
ep 0 step 3850 lr=2.82e-04 loss=2.8042 mark=2.1430 time=6.6120 acc1=0.4783
ep 0 step 3900 lr=2.81e-04 loss=2.7934 mark=2.1327 time=6.6077 acc1=0.4807
ep 0 step 3950 lr=2.81e-04 loss=2.7832 mark=2.1227 time=6.6049 acc1=0.4834
ep 0 step 4000 lr=2.80e-04 loss=2.7735 mark=2.1131 time=6.6037 acc1=0.4859
ep 0 step 4050 lr=2.80e-04 loss=2.7636 mark=2.1035 time=6.6016 acc1=0.4885
ep 0 step 4100 lr=2.79e-04 loss=2.7531 mark=2.0932 time=6.5989 acc1=0.4909
ep 0 step 4150 lr=2.78e-04 loss=2.7425 mark=2.0831 time=6.5934 acc1=0.4934
ep 0 step 4200 lr=2.78e-04 loss=2.7334 mark=2.0743 time=6.5902 acc1=0.4958
ep 0 step 4250 lr=2.77e-04 loss=2.7233 mark=2.0646 time=6.5870 acc1=0.4983
ep 0 step 4300 lr=2.77e-04 loss=2.7138 mark=2.0556 time=6.5828 acc1=0.5005
[ep 0] val top1=0.6579 top3=0.7923 top5=0.8381 time_nll=6.3427  (416s)
  -> saved best to m4_runs\20260422_003902_full/best.pt
ep 1 step 4350 lr=2.76e-04 loss=1.8115 mark=1.1821 time=6.2939 acc1=0.7174
ep 1 step 4400 lr=2.75e-04 loss=1.8770 mark=1.2377 time=6.3929 acc1=0.7133
ep 1 step 4450 lr=2.75e-04 loss=1.8508 mark=1.2169 time=6.3384 acc1=0.7132
ep 1 step 4500 lr=2.74e-04 loss=1.8797 mark=1.2434 time=6.3631 acc1=0.7062
ep 1 step 4550 lr=2.74e-04 loss=1.8642 mark=1.2309 time=6.3336 acc1=0.7052
ep 1 step 4600 lr=2.73e-04 loss=1.8780 mark=1.2443 time=6.3368 acc1=0.7026
ep 1 step 4650 lr=2.72e-04 loss=1.8778 mark=1.2461 time=6.3178 acc1=0.7041
ep 1 step 4700 lr=2.72e-04 loss=1.8726 mark=1.2393 time=6.3333 acc1=0.7045
ep 1 step 4750 lr=2.71e-04 loss=1.8572 mark=1.2258 time=6.3143 acc1=0.7077
ep 1 step 4800 lr=2.70e-04 loss=1.8564 mark=1.2257 time=6.3068 acc1=0.7096
ep 1 step 4850 lr=2.70e-04 loss=1.8460 mark=1.2175 time=6.2845 acc1=0.7096
ep 1 step 4900 lr=2.69e-04 loss=1.8487 mark=1.2211 time=6.2760 acc1=0.7089
ep 1 step 4950 lr=2.68e-04 loss=1.8479 mark=1.2191 time=6.2878 acc1=0.7090
ep 1 step 5000 lr=2.68e-04 loss=1.8405 mark=1.2120 time=6.2855 acc1=0.7113
ep 1 step 5050 lr=2.67e-04 loss=1.8346 mark=1.2060 time=6.2865 acc1=0.7120
ep 1 step 5100 lr=2.66e-04 loss=1.8301 mark=1.2023 time=6.2780 acc1=0.7127
ep 1 step 5150 lr=2.66e-04 loss=1.8298 mark=1.2026 time=6.2719 acc1=0.7120
ep 1 step 5200 lr=2.65e-04 loss=1.8302 mark=1.2026 time=6.2766 acc1=0.7122
ep 1 step 5250 lr=2.64e-04 loss=1.8275 mark=1.2002 time=6.2733 acc1=0.7126
ep 1 step 5300 lr=2.63e-04 loss=1.8223 mark=1.1952 time=6.2712 acc1=0.7134
ep 1 step 5350 lr=2.63e-04 loss=1.8167 mark=1.1896 time=6.2704 acc1=0.7144
ep 1 step 5400 lr=2.62e-04 loss=1.8151 mark=1.1881 time=6.2701 acc1=0.7152
ep 1 step 5450 lr=2.61e-04 loss=1.8082 mark=1.1814 time=6.2681 acc1=0.7161
ep 1 step 5500 lr=2.60e-04 loss=1.8018 mark=1.1749 time=6.2687 acc1=0.7175
ep 1 step 5550 lr=2.60e-04 loss=1.8024 mark=1.1755 time=6.2684 acc1=0.7174
ep 1 step 5600 lr=2.59e-04 loss=1.8016 mark=1.1747 time=6.2689 acc1=0.7174
ep 1 step 5650 lr=2.58e-04 loss=1.7958 mark=1.1694 time=6.2644 acc1=0.7186
ep 1 step 5700 lr=2.57e-04 loss=1.7897 mark=1.1635 time=6.2615 acc1=0.7199
ep 1 step 5750 lr=2.57e-04 loss=1.7857 mark=1.1597 time=6.2601 acc1=0.7210
ep 1 step 5800 lr=2.56e-04 loss=1.7820 mark=1.1562 time=6.2581 acc1=0.7217
ep 1 step 5850 lr=2.55e-04 loss=1.7805 mark=1.1547 time=6.2582 acc1=0.7223
ep 1 step 5900 lr=2.54e-04 loss=1.7764 mark=1.1503 time=6.2607 acc1=0.7236
ep 1 step 5950 lr=2.53e-04 loss=1.7739 mark=1.1477 time=6.2614 acc1=0.7241
ep 1 step 6000 lr=2.53e-04 loss=1.7716 mark=1.1460 time=6.2554 acc1=0.7245
ep 1 step 6050 lr=2.52e-04 loss=1.7658 mark=1.1408 time=6.2495 acc1=0.7253
ep 1 step 6100 lr=2.51e-04 loss=1.7627 mark=1.1383 time=6.2434 acc1=0.7257
ep 1 step 6150 lr=2.50e-04 loss=1.7594 mark=1.1351 time=6.2430 acc1=0.7262
ep 1 step 6200 lr=2.49e-04 loss=1.7562 mark=1.1325 time=6.2373 acc1=0.7267
ep 1 step 6250 lr=2.48e-04 loss=1.7520 mark=1.1282 time=6.2378 acc1=0.7279
ep 1 step 6300 lr=2.48e-04 loss=1.7483 mark=1.1250 time=6.2331 acc1=0.7286
ep 1 step 6350 lr=2.47e-04 loss=1.7459 mark=1.1227 time=6.2321 acc1=0.7292
ep 1 step 6400 lr=2.46e-04 loss=1.7458 mark=1.1225 time=6.2334 acc1=0.7294
ep 1 step 6450 lr=2.45e-04 loss=1.7417 mark=1.1188 time=6.2293 acc1=0.7304
ep 1 step 6500 lr=2.44e-04 loss=1.7394 mark=1.1169 time=6.2253 acc1=0.7307
ep 1 step 6550 lr=2.43e-04 loss=1.7361 mark=1.1135 time=6.2258 acc1=0.7312
ep 1 step 6600 lr=2.42e-04 loss=1.7344 mark=1.1114 time=6.2303 acc1=0.7317
ep 1 step 6650 lr=2.42e-04 loss=1.7324 mark=1.1098 time=6.2264 acc1=0.7321
ep 1 step 6700 lr=2.41e-04 loss=1.7293 mark=1.1071 time=6.2218 acc1=0.7327
ep 1 step 6750 lr=2.40e-04 loss=1.7277 mark=1.1057 time=6.2204 acc1=0.7330
ep 1 step 6800 lr=2.39e-04 loss=1.7254 mark=1.1037 time=6.2170 acc1=0.7335
ep 1 step 6850 lr=2.38e-04 loss=1.7235 mark=1.1019 time=6.2166 acc1=0.7338
ep 1 step 6900 lr=2.37e-04 loss=1.7209 mark=1.0996 time=6.2131 acc1=0.7343
ep 1 step 6950 lr=2.36e-04 loss=1.7180 mark=1.0967 time=6.2122 acc1=0.7351
ep 1 step 7000 lr=2.35e-04 loss=1.7160 mark=1.0951 time=6.2096 acc1=0.7353
ep 1 step 7050 lr=2.34e-04 loss=1.7134 mark=1.0927 time=6.2071 acc1=0.7358
ep 1 step 7100 lr=2.33e-04 loss=1.7109 mark=1.0904 time=6.2047 acc1=0.7363
ep 1 step 7150 lr=2.32e-04 loss=1.7099 mark=1.0891 time=6.2077 acc1=0.7366
ep 1 step 7200 lr=2.32e-04 loss=1.7082 mark=1.0872 time=6.2100 acc1=0.7370
ep 1 step 7250 lr=2.31e-04 loss=1.7052 mark=1.0844 time=6.2072 acc1=0.7375
ep 1 step 7300 lr=2.30e-04 loss=1.7030 mark=1.0827 time=6.2036 acc1=0.7380
ep 1 step 7350 lr=2.29e-04 loss=1.7011 mark=1.0811 time=6.2003 acc1=0.7382
ep 1 step 7400 lr=2.28e-04 loss=1.6985 mark=1.0789 time=6.1960 acc1=0.7387
ep 1 step 7450 lr=2.27e-04 loss=1.6944 mark=1.0751 time=6.1926 acc1=0.7396
ep 1 step 7500 lr=2.26e-04 loss=1.6930 mark=1.0742 time=6.1877 acc1=0.7399
ep 1 step 7550 lr=2.25e-04 loss=1.6915 mark=1.0727 time=6.1877 acc1=0.7403
ep 1 step 7600 lr=2.24e-04 loss=1.6889 mark=1.0705 time=6.1849 acc1=0.7406
ep 1 step 7650 lr=2.23e-04 loss=1.6866 mark=1.0682 time=6.1838 acc1=0.7411
ep 1 step 7700 lr=2.22e-04 loss=1.6843 mark=1.0660 time=6.1831 acc1=0.7416
ep 1 step 7750 lr=2.21e-04 loss=1.6823 mark=1.0641 time=6.1822 acc1=0.7421
ep 1 step 7800 lr=2.20e-04 loss=1.6807 mark=1.0626 time=6.1813 acc1=0.7425
ep 1 step 7850 lr=2.19e-04 loss=1.6787 mark=1.0606 time=6.1801 acc1=0.7429
ep 1 step 7900 lr=2.18e-04 loss=1.6775 mark=1.0597 time=6.1778 acc1=0.7430
ep 1 step 7950 lr=2.17e-04 loss=1.6757 mark=1.0580 time=6.1766 acc1=0.7433
ep 1 step 8000 lr=2.16e-04 loss=1.6745 mark=1.0568 time=6.1771 acc1=0.7435
ep 1 step 8050 lr=2.15e-04 loss=1.6713 mark=1.0539 time=6.1743 acc1=0.7439
ep 1 step 8100 lr=2.14e-04 loss=1.6686 mark=1.0513 time=6.1734 acc1=0.7445
ep 1 step 8150 lr=2.13e-04 loss=1.6666 mark=1.0495 time=6.1708 acc1=0.7448
ep 1 step 8200 lr=2.12e-04 loss=1.6644 mark=1.0471 time=6.1722 acc1=0.7453
ep 1 step 8250 lr=2.11e-04 loss=1.6633 mark=1.0459 time=6.1737 acc1=0.7457
ep 1 step 8300 lr=2.10e-04 loss=1.6607 mark=1.0434 time=6.1729 acc1=0.7463
ep 1 step 8350 lr=2.09e-04 loss=1.6592 mark=1.0420 time=6.1721 acc1=0.7466
ep 1 step 8400 lr=2.08e-04 loss=1.6584 mark=1.0413 time=6.1717 acc1=0.7467
ep 1 step 8450 lr=2.07e-04 loss=1.6567 mark=1.0396 time=6.1717 acc1=0.7470
ep 1 step 8500 lr=2.06e-04 loss=1.6550 mark=1.0378 time=6.1721 acc1=0.7474
ep 1 step 8550 lr=2.05e-04 loss=1.6532 mark=1.0362 time=6.1707 acc1=0.7478
ep 1 step 8600 lr=2.04e-04 loss=1.6505 mark=1.0338 time=6.1678 acc1=0.7482
ep 1 step 8650 lr=2.03e-04 loss=1.6483 mark=1.0317 time=6.1657 acc1=0.7486
[ep 1] val top1=0.7386 top3=0.8529 top5=0.8857 time_nll=6.1424  (420s)
  -> saved best to m4_runs\20260422_003902_full/best.pt
ep 2 step 8700 lr=2.02e-04 loss=1.3795 mark=0.7910 time=5.8851 acc1=0.8001
ep 2 step 8750 lr=2.01e-04 loss=1.4257 mark=0.8322 time=5.9346 acc1=0.7915
ep 2 step 8800 lr=2.00e-04 loss=1.4621 mark=0.8578 time=6.0430 acc1=0.7838
ep 2 step 8850 lr=1.99e-04 loss=1.4629 mark=0.8577 time=6.0513 acc1=0.7833
ep 2 step 8900 lr=1.97e-04 loss=1.4523 mark=0.8478 time=6.0447 acc1=0.7877
ep 2 step 8950 lr=1.96e-04 loss=1.4592 mark=0.8550 time=6.0423 acc1=0.7855
ep 2 step 9000 lr=1.95e-04 loss=1.4499 mark=0.8431 time=6.0675 acc1=0.7874
ep 2 step 9050 lr=1.94e-04 loss=1.4491 mark=0.8427 time=6.0639 acc1=0.7871
ep 2 step 9100 lr=1.93e-04 loss=1.4567 mark=0.8489 time=6.0775 acc1=0.7853
ep 2 step 9150 lr=1.92e-04 loss=1.4582 mark=0.8510 time=6.0717 acc1=0.7849
ep 2 step 9200 lr=1.91e-04 loss=1.4607 mark=0.8538 time=6.0690 acc1=0.7847
ep 2 step 9250 lr=1.90e-04 loss=1.4565 mark=0.8502 time=6.0626 acc1=0.7861
ep 2 step 9300 lr=1.89e-04 loss=1.4528 mark=0.8472 time=6.0565 acc1=0.7873
ep 2 step 9350 lr=1.88e-04 loss=1.4543 mark=0.8496 time=6.0475 acc1=0.7857
ep 2 step 9400 lr=1.87e-04 loss=1.4544 mark=0.8498 time=6.0465 acc1=0.7856
ep 2 step 9450 lr=1.86e-04 loss=1.4533 mark=0.8486 time=6.0465 acc1=0.7855
ep 2 step 9500 lr=1.85e-04 loss=1.4530 mark=0.8485 time=6.0453 acc1=0.7857
ep 2 step 9550 lr=1.84e-04 loss=1.4499 mark=0.8459 time=6.0407 acc1=0.7859
ep 2 step 9600 lr=1.82e-04 loss=1.4482 mark=0.8438 time=6.0437 acc1=0.7858
ep 2 step 9650 lr=1.81e-04 loss=1.4488 mark=0.8434 time=6.0533 acc1=0.7859
ep 2 step 9700 lr=1.80e-04 loss=1.4516 mark=0.8460 time=6.0563 acc1=0.7851
ep 2 step 9750 lr=1.79e-04 loss=1.4480 mark=0.8432 time=6.0474 acc1=0.7859
ep 2 step 9800 lr=1.78e-04 loss=1.4464 mark=0.8420 time=6.0447 acc1=0.7862
ep 2 step 9850 lr=1.77e-04 loss=1.4484 mark=0.8442 time=6.0426 acc1=0.7858
ep 2 step 9900 lr=1.76e-04 loss=1.4474 mark=0.8436 time=6.0382 acc1=0.7865
ep 2 step 9950 lr=1.75e-04 loss=1.4487 mark=0.8447 time=6.0403 acc1=0.7860
ep 2 step 10000 lr=1.74e-04 loss=1.4487 mark=0.8447 time=6.0405 acc1=0.7860
ep 2 step 10050 lr=1.73e-04 loss=1.4483 mark=0.8456 time=6.0273 acc1=0.7858
ep 2 step 10100 lr=1.71e-04 loss=1.4491 mark=0.8467 time=6.0244 acc1=0.7857
ep 2 step 10150 lr=1.70e-04 loss=1.4483 mark=0.8461 time=6.0217 acc1=0.7860
ep 2 step 10200 lr=1.69e-04 loss=1.4506 mark=0.8483 time=6.0230 acc1=0.7853
ep 2 step 10250 lr=1.68e-04 loss=1.4491 mark=0.8474 time=6.0176 acc1=0.7852
ep 2 step 10300 lr=1.67e-04 loss=1.4466 mark=0.8452 time=6.0145 acc1=0.7855
ep 2 step 10350 lr=1.66e-04 loss=1.4468 mark=0.8451 time=6.0172 acc1=0.7857
ep 2 step 10400 lr=1.65e-04 loss=1.4459 mark=0.8443 time=6.0167 acc1=0.7861
ep 2 step 10450 lr=1.64e-04 loss=1.4454 mark=0.8438 time=6.0154 acc1=0.7862
ep 2 step 10500 lr=1.63e-04 loss=1.4462 mark=0.8447 time=6.0150 acc1=0.7860
ep 2 step 10550 lr=1.61e-04 loss=1.4435 mark=0.8424 time=6.0112 acc1=0.7868
ep 2 step 10600 lr=1.60e-04 loss=1.4433 mark=0.8416 time=6.0174 acc1=0.7870
ep 2 step 10650 lr=1.59e-04 loss=1.4439 mark=0.8426 time=6.0124 acc1=0.7868
ep 2 step 10700 lr=1.58e-04 loss=1.4427 mark=0.8416 time=6.0116 acc1=0.7871
ep 2 step 10750 lr=1.57e-04 loss=1.4429 mark=0.8419 time=6.0095 acc1=0.7867
ep 2 step 10800 lr=1.56e-04 loss=1.4419 mark=0.8412 time=6.0073 acc1=0.7869
ep 2 step 10850 lr=1.55e-04 loss=1.4405 mark=0.8394 time=6.0105 acc1=0.7872
ep 2 step 10900 lr=1.54e-04 loss=1.4400 mark=0.8391 time=6.0093 acc1=0.7872
ep 2 step 10950 lr=1.53e-04 loss=1.4405 mark=0.8394 time=6.0105 acc1=0.7872
ep 2 step 11000 lr=1.51e-04 loss=1.4388 mark=0.8378 time=6.0105 acc1=0.7875
ep 2 step 11050 lr=1.50e-04 loss=1.4386 mark=0.8374 time=6.0117 acc1=0.7875
ep 2 step 11100 lr=1.49e-04 loss=1.4399 mark=0.8385 time=6.0143 acc1=0.7871
ep 2 step 11150 lr=1.48e-04 loss=1.4402 mark=0.8384 time=6.0182 acc1=0.7870
ep 2 step 11200 lr=1.47e-04 loss=1.4394 mark=0.8378 time=6.0162 acc1=0.7872
ep 2 step 11250 lr=1.46e-04 loss=1.4393 mark=0.8379 time=6.0138 acc1=0.7871
ep 2 step 11300 lr=1.45e-04 loss=1.4375 mark=0.8365 time=6.0098 acc1=0.7874
ep 2 step 11350 lr=1.44e-04 loss=1.4365 mark=0.8356 time=6.0090 acc1=0.7875
ep 2 step 11400 lr=1.43e-04 loss=1.4365 mark=0.8359 time=6.0062 acc1=0.7876
ep 2 step 11450 lr=1.41e-04 loss=1.4361 mark=0.8356 time=6.0048 acc1=0.7878
ep 2 step 11500 lr=1.40e-04 loss=1.4360 mark=0.8353 time=6.0069 acc1=0.7877
ep 2 step 11550 lr=1.39e-04 loss=1.4355 mark=0.8347 time=6.0074 acc1=0.7877
ep 2 step 11600 lr=1.38e-04 loss=1.4344 mark=0.8336 time=6.0087 acc1=0.7879
ep 2 step 11650 lr=1.37e-04 loss=1.4336 mark=0.8332 time=6.0043 acc1=0.7879
ep 2 step 11700 lr=1.36e-04 loss=1.4335 mark=0.8332 time=6.0029 acc1=0.7880
ep 2 step 11750 lr=1.35e-04 loss=1.4336 mark=0.8336 time=6.0005 acc1=0.7877
ep 2 step 11800 lr=1.34e-04 loss=1.4324 mark=0.8323 time=6.0011 acc1=0.7877
ep 2 step 11850 lr=1.33e-04 loss=1.4318 mark=0.8317 time=6.0001 acc1=0.7879
ep 2 step 11900 lr=1.31e-04 loss=1.4311 mark=0.8315 time=5.9955 acc1=0.7879
ep 2 step 11950 lr=1.30e-04 loss=1.4312 mark=0.8315 time=5.9973 acc1=0.7877
ep 2 step 12000 lr=1.29e-04 loss=1.4317 mark=0.8320 time=5.9973 acc1=0.7875
ep 2 step 12050 lr=1.28e-04 loss=1.4311 mark=0.8316 time=5.9947 acc1=0.7876
ep 2 step 12100 lr=1.27e-04 loss=1.4307 mark=0.8314 time=5.9926 acc1=0.7876
ep 2 step 12150 lr=1.26e-04 loss=1.4300 mark=0.8310 time=5.9905 acc1=0.7877
ep 2 step 12200 lr=1.25e-04 loss=1.4304 mark=0.8315 time=5.9891 acc1=0.7875
ep 2 step 12250 lr=1.24e-04 loss=1.4301 mark=0.8313 time=5.9879 acc1=0.7875
ep 2 step 12300 lr=1.23e-04 loss=1.4304 mark=0.8316 time=5.9887 acc1=0.7874
ep 2 step 12350 lr=1.22e-04 loss=1.4294 mark=0.8308 time=5.9864 acc1=0.7875
ep 2 step 12400 lr=1.20e-04 loss=1.4275 mark=0.8290 time=5.9841 acc1=0.7876
ep 2 step 12450 lr=1.19e-04 loss=1.4269 mark=0.8285 time=5.9847 acc1=0.7875
ep 2 step 12500 lr=1.18e-04 loss=1.4254 mark=0.8271 time=5.9830 acc1=0.7877
ep 2 step 12550 lr=1.17e-04 loss=1.4251 mark=0.8269 time=5.9820 acc1=0.7878
ep 2 step 12600 lr=1.16e-04 loss=1.4247 mark=0.8266 time=5.9808 acc1=0.7880
ep 2 step 12650 lr=1.15e-04 loss=1.4236 mark=0.8255 time=5.9801 acc1=0.7882
ep 2 step 12700 lr=1.14e-04 loss=1.4233 mark=0.8254 time=5.9788 acc1=0.7882
ep 2 step 12750 lr=1.13e-04 loss=1.4234 mark=0.8255 time=5.9789 acc1=0.7882
ep 2 step 12800 lr=1.12e-04 loss=1.4231 mark=0.8250 time=5.9807 acc1=0.7882
ep 2 step 12850 lr=1.11e-04 loss=1.4230 mark=0.8248 time=5.9820 acc1=0.7881
ep 2 step 12900 lr=1.10e-04 loss=1.4234 mark=0.8250 time=5.9840 acc1=0.7880
ep 2 step 12950 lr=1.09e-04 loss=1.4224 mark=0.8241 time=5.9830 acc1=0.7881
[ep 2] val top1=0.7439 top3=0.8603 top5=0.8925 time_nll=6.0418  (428s)
  -> saved best to m4_runs\20260422_003902_full/best.pt
ep 3 step 13000 lr=1.07e-04 loss=1.4075 mark=0.8244 time=5.8309 acc1=0.7798
ep 3 step 13050 lr=1.06e-04 loss=1.3419 mark=0.7580 time=5.8387 acc1=0.7956
ep 3 step 13100 lr=1.05e-04 loss=1.3562 mark=0.7806 time=5.7554 acc1=0.7912
ep 3 step 13150 lr=1.04e-04 loss=1.3565 mark=0.7802 time=5.7631 acc1=0.7907
ep 3 step 13200 lr=1.03e-04 loss=1.3571 mark=0.7763 time=5.8087 acc1=0.7925
ep 3 step 13250 lr=1.02e-04 loss=1.3546 mark=0.7678 time=5.8682 acc1=0.7931
ep 3 step 13300 lr=1.01e-04 loss=1.3484 mark=0.7623 time=5.8610 acc1=0.7958
ep 3 step 13350 lr=1.00e-04 loss=1.3489 mark=0.7596 time=5.8927 acc1=0.7966
ep 3 step 13400 lr=9.90e-05 loss=1.3494 mark=0.7599 time=5.8950 acc1=0.7975
ep 3 step 13450 lr=9.79e-05 loss=1.3512 mark=0.7605 time=5.9069 acc1=0.7957
ep 3 step 13500 lr=9.69e-05 loss=1.3498 mark=0.7595 time=5.9033 acc1=0.7958
ep 3 step 13550 lr=9.58e-05 loss=1.3408 mark=0.7520 time=5.8886 acc1=0.7968
ep 3 step 13600 lr=9.48e-05 loss=1.3403 mark=0.7524 time=5.8787 acc1=0.7960
ep 3 step 13650 lr=9.38e-05 loss=1.3384 mark=0.7518 time=5.8667 acc1=0.7960
ep 3 step 13700 lr=9.27e-05 loss=1.3395 mark=0.7519 time=5.8759 acc1=0.7958
ep 3 step 13750 lr=9.17e-05 loss=1.3369 mark=0.7489 time=5.8802 acc1=0.7962
ep 3 step 13800 lr=9.07e-05 loss=1.3377 mark=0.7504 time=5.8732 acc1=0.7960
ep 3 step 13850 lr=8.96e-05 loss=1.3367 mark=0.7490 time=5.8770 acc1=0.7962
ep 3 step 13900 lr=8.86e-05 loss=1.3345 mark=0.7471 time=5.8735 acc1=0.7972
ep 3 step 13950 lr=8.76e-05 loss=1.3384 mark=0.7504 time=5.8804 acc1=0.7966
ep 3 step 14000 lr=8.66e-05 loss=1.3386 mark=0.7504 time=5.8821 acc1=0.7964
ep 3 step 14050 lr=8.56e-05 loss=1.3417 mark=0.7530 time=5.8873 acc1=0.7962
ep 3 step 14100 lr=8.46e-05 loss=1.3410 mark=0.7523 time=5.8870 acc1=0.7962
ep 3 step 14150 lr=8.36e-05 loss=1.3395 mark=0.7503 time=5.8921 acc1=0.7968
ep 3 step 14200 lr=8.26e-05 loss=1.3370 mark=0.7473 time=5.8973 acc1=0.7973
ep 3 step 14250 lr=8.16e-05 loss=1.3348 mark=0.7455 time=5.8931 acc1=0.7981
ep 3 step 14300 lr=8.06e-05 loss=1.3339 mark=0.7452 time=5.8871 acc1=0.7986
ep 3 step 14350 lr=7.96e-05 loss=1.3323 mark=0.7440 time=5.8827 acc1=0.7990
ep 3 step 14400 lr=7.86e-05 loss=1.3303 mark=0.7425 time=5.8784 acc1=0.7992
ep 3 step 14450 lr=7.77e-05 loss=1.3324 mark=0.7448 time=5.8764 acc1=0.7987
ep 3 step 14500 lr=7.67e-05 loss=1.3327 mark=0.7456 time=5.8712 acc1=0.7985
ep 3 step 14550 lr=7.57e-05 loss=1.3323 mark=0.7460 time=5.8633 acc1=0.7985
ep 3 step 14600 lr=7.47e-05 loss=1.3328 mark=0.7459 time=5.8696 acc1=0.7986
ep 3 step 14650 lr=7.38e-05 loss=1.3342 mark=0.7471 time=5.8714 acc1=0.7982
ep 3 step 14700 lr=7.28e-05 loss=1.3348 mark=0.7478 time=5.8698 acc1=0.7981
ep 3 step 14750 lr=7.19e-05 loss=1.3350 mark=0.7477 time=5.8731 acc1=0.7982
ep 3 step 14800 lr=7.09e-05 loss=1.3357 mark=0.7487 time=5.8703 acc1=0.7980
ep 3 step 14850 lr=7.00e-05 loss=1.3350 mark=0.7481 time=5.8693 acc1=0.7980
ep 3 step 14900 lr=6.90e-05 loss=1.3342 mark=0.7474 time=5.8678 acc1=0.7981
ep 3 step 14950 lr=6.81e-05 loss=1.3350 mark=0.7479 time=5.8707 acc1=0.7982
ep 3 step 15000 lr=6.72e-05 loss=1.3338 mark=0.7465 time=5.8725 acc1=0.7989
ep 3 step 15050 lr=6.62e-05 loss=1.3340 mark=0.7466 time=5.8739 acc1=0.7988
ep 3 step 15100 lr=6.53e-05 loss=1.3353 mark=0.7477 time=5.8762 acc1=0.7985
ep 3 step 15150 lr=6.44e-05 loss=1.3348 mark=0.7471 time=5.8772 acc1=0.7982
ep 3 step 15200 lr=6.35e-05 loss=1.3340 mark=0.7464 time=5.8767 acc1=0.7983
ep 3 step 15250 lr=6.26e-05 loss=1.3344 mark=0.7467 time=5.8770 acc1=0.7982
ep 3 step 15300 lr=6.17e-05 loss=1.3347 mark=0.7469 time=5.8781 acc1=0.7981
ep 3 step 15350 lr=6.08e-05 loss=1.3346 mark=0.7469 time=5.8773 acc1=0.7982
ep 3 step 15400 lr=5.99e-05 loss=1.3346 mark=0.7469 time=5.8773 acc1=0.7982
ep 3 step 15450 lr=5.90e-05 loss=1.3335 mark=0.7458 time=5.8764 acc1=0.7985
ep 3 step 15500 lr=5.81e-05 loss=1.3344 mark=0.7468 time=5.8756 acc1=0.7982
ep 3 step 15550 lr=5.72e-05 loss=1.3332 mark=0.7456 time=5.8761 acc1=0.7984
ep 3 step 15600 lr=5.64e-05 loss=1.3329 mark=0.7451 time=5.8784 acc1=0.7985
ep 3 step 15650 lr=5.55e-05 loss=1.3325 mark=0.7448 time=5.8767 acc1=0.7989
ep 3 step 15700 lr=5.46e-05 loss=1.3327 mark=0.7452 time=5.8753 acc1=0.7990
ep 3 step 15750 lr=5.38e-05 loss=1.3323 mark=0.7446 time=5.8767 acc1=0.7991
ep 3 step 15800 lr=5.29e-05 loss=1.3308 mark=0.7434 time=5.8746 acc1=0.7993
ep 3 step 15850 lr=5.21e-05 loss=1.3298 mark=0.7426 time=5.8720 acc1=0.7995
ep 3 step 15900 lr=5.12e-05 loss=1.3302 mark=0.7430 time=5.8717 acc1=0.7994
ep 3 step 15950 lr=5.04e-05 loss=1.3297 mark=0.7428 time=5.8688 acc1=0.7995
ep 3 step 16000 lr=4.96e-05 loss=1.3304 mark=0.7432 time=5.8726 acc1=0.7995
ep 3 step 16050 lr=4.87e-05 loss=1.3309 mark=0.7436 time=5.8732 acc1=0.7994
ep 3 step 16100 lr=4.79e-05 loss=1.3320 mark=0.7445 time=5.8752 acc1=0.7991
ep 3 step 16150 lr=4.71e-05 loss=1.3322 mark=0.7446 time=5.8761 acc1=0.7991
ep 3 step 16200 lr=4.63e-05 loss=1.3313 mark=0.7436 time=5.8767 acc1=0.7992
ep 3 step 16250 lr=4.55e-05 loss=1.3307 mark=0.7431 time=5.8759 acc1=0.7993
ep 3 step 16300 lr=4.47e-05 loss=1.3297 mark=0.7420 time=5.8770 acc1=0.7997
ep 3 step 16350 lr=4.39e-05 loss=1.3293 mark=0.7415 time=5.8778 acc1=0.7998
ep 3 step 16400 lr=4.31e-05 loss=1.3295 mark=0.7415 time=5.8797 acc1=0.7999
ep 3 step 16450 lr=4.23e-05 loss=1.3300 mark=0.7426 time=5.8749 acc1=0.7996
ep 3 step 16500 lr=4.16e-05 loss=1.3282 mark=0.7410 time=5.8718 acc1=0.7999
ep 3 step 16550 lr=4.08e-05 loss=1.3289 mark=0.7417 time=5.8718 acc1=0.7999
ep 3 step 16600 lr=4.00e-05 loss=1.3283 mark=0.7413 time=5.8697 acc1=0.8001
ep 3 step 16650 lr=3.93e-05 loss=1.3286 mark=0.7413 time=5.8727 acc1=0.8000
ep 3 step 16700 lr=3.85e-05 loss=1.3276 mark=0.7404 time=5.8722 acc1=0.8002
ep 3 step 16750 lr=3.78e-05 loss=1.3277 mark=0.7405 time=5.8728 acc1=0.8003
ep 3 step 16800 lr=3.70e-05 loss=1.3275 mark=0.7402 time=5.8721 acc1=0.8005
ep 3 step 16850 lr=3.63e-05 loss=1.3274 mark=0.7402 time=5.8720 acc1=0.8006
ep 3 step 16900 lr=3.56e-05 loss=1.3270 mark=0.7397 time=5.8730 acc1=0.8009
ep 3 step 16950 lr=3.49e-05 loss=1.3267 mark=0.7394 time=5.8722 acc1=0.8010
ep 3 step 17000 lr=3.42e-05 loss=1.3258 mark=0.7389 time=5.8692 acc1=0.8011
ep 3 step 17050 lr=3.35e-05 loss=1.3257 mark=0.7388 time=5.8692 acc1=0.8012
ep 3 step 17100 lr=3.28e-05 loss=1.3262 mark=0.7393 time=5.8689 acc1=0.8011
ep 3 step 17150 lr=3.21e-05 loss=1.3263 mark=0.7393 time=5.8696 acc1=0.8012
ep 3 step 17200 lr=3.14e-05 loss=1.3257 mark=0.7391 time=5.8661 acc1=0.8011
ep 3 step 17250 lr=3.07e-05 loss=1.3247 mark=0.7380 time=5.8670 acc1=0.8013
ep 3 step 17300 lr=3.00e-05 loss=1.3248 mark=0.7381 time=5.8671 acc1=0.8013
[ep 3] val top1=0.7558 top3=0.8640 top5=0.8943 time_nll=5.9849  (454s)
  -> saved best to m4_runs\20260422_003902_full/best.pt
ep 4 step 17350 lr=2.94e-05 loss=1.2888 mark=0.6940 time=5.9481 acc1=0.8227
ep 4 step 17400 lr=2.87e-05 loss=1.3046 mark=0.7124 time=5.9219 acc1=0.8096
ep 4 step 17450 lr=2.80e-05 loss=1.3062 mark=0.7109 time=5.9536 acc1=0.8067
ep 4 step 17500 lr=2.74e-05 loss=1.2850 mark=0.6950 time=5.8992 acc1=0.8098
ep 4 step 17550 lr=2.68e-05 loss=1.2751 mark=0.6886 time=5.8645 acc1=0.8098
ep 4 step 17600 lr=2.61e-05 loss=1.2760 mark=0.6878 time=5.8824 acc1=0.8108
ep 4 step 17650 lr=2.55e-05 loss=1.2747 mark=0.6893 time=5.8538 acc1=0.8126
ep 4 step 17700 lr=2.49e-05 loss=1.2835 mark=0.6965 time=5.8695 acc1=0.8117
ep 4 step 17750 lr=2.43e-05 loss=1.2826 mark=0.6959 time=5.8673 acc1=0.8127
ep 4 step 17800 lr=2.37e-05 loss=1.2771 mark=0.6888 time=5.8826 acc1=0.8146
ep 4 step 17850 lr=2.31e-05 loss=1.2800 mark=0.6925 time=5.8756 acc1=0.8149
ep 4 step 17900 lr=2.25e-05 loss=1.2837 mark=0.6950 time=5.8878 acc1=0.8145
ep 4 step 17950 lr=2.19e-05 loss=1.2807 mark=0.6922 time=5.8851 acc1=0.8141
ep 4 step 18000 lr=2.13e-05 loss=1.2775 mark=0.6903 time=5.8723 acc1=0.8137
ep 4 step 18050 lr=2.08e-05 loss=1.2800 mark=0.6935 time=5.8650 acc1=0.8131
ep 4 step 18100 lr=2.02e-05 loss=1.2837 mark=0.6963 time=5.8736 acc1=0.8131
ep 4 step 18150 lr=1.96e-05 loss=1.2805 mark=0.6943 time=5.8621 acc1=0.8132
ep 4 step 18200 lr=1.91e-05 loss=1.2790 mark=0.6934 time=5.8557 acc1=0.8135
ep 4 step 18250 lr=1.85e-05 loss=1.2779 mark=0.6927 time=5.8524 acc1=0.8134
ep 4 step 18300 lr=1.80e-05 loss=1.2778 mark=0.6923 time=5.8547 acc1=0.8133
ep 4 step 18350 lr=1.75e-05 loss=1.2775 mark=0.6923 time=5.8515 acc1=0.8133
ep 4 step 18400 lr=1.70e-05 loss=1.2763 mark=0.6918 time=5.8447 acc1=0.8136
ep 4 step 18450 lr=1.65e-05 loss=1.2737 mark=0.6895 time=5.8421 acc1=0.8142
ep 4 step 18500 lr=1.60e-05 loss=1.2717 mark=0.6880 time=5.8370 acc1=0.8144
ep 4 step 18550 lr=1.55e-05 loss=1.2712 mark=0.6877 time=5.8352 acc1=0.8143
ep 4 step 18600 lr=1.50e-05 loss=1.2715 mark=0.6881 time=5.8339 acc1=0.8139
ep 4 step 18650 lr=1.45e-05 loss=1.2707 mark=0.6877 time=5.8308 acc1=0.8137
ep 4 step 18700 lr=1.40e-05 loss=1.2721 mark=0.6888 time=5.8324 acc1=0.8134
ep 4 step 18750 lr=1.35e-05 loss=1.2724 mark=0.6894 time=5.8298 acc1=0.8130
ep 4 step 18800 lr=1.31e-05 loss=1.2719 mark=0.6889 time=5.8301 acc1=0.8130
ep 4 step 18850 lr=1.26e-05 loss=1.2716 mark=0.6888 time=5.8280 acc1=0.8130
ep 4 step 18900 lr=1.22e-05 loss=1.2737 mark=0.6907 time=5.8296 acc1=0.8127
ep 4 step 18950 lr=1.18e-05 loss=1.2738 mark=0.6912 time=5.8252 acc1=0.8127
ep 4 step 19000 lr=1.13e-05 loss=1.2735 mark=0.6908 time=5.8265 acc1=0.8126
ep 4 step 19050 lr=1.09e-05 loss=1.2735 mark=0.6910 time=5.8255 acc1=0.8125
ep 4 step 19100 lr=1.05e-05 loss=1.2737 mark=0.6914 time=5.8226 acc1=0.8124
ep 4 step 19150 lr=1.01e-05 loss=1.2727 mark=0.6903 time=5.8236 acc1=0.8127
ep 4 step 19200 lr=9.68e-06 loss=1.2717 mark=0.6897 time=5.8202 acc1=0.8125
ep 4 step 19250 lr=9.29e-06 loss=1.2723 mark=0.6910 time=5.8131 acc1=0.8123
ep 4 step 19300 lr=8.91e-06 loss=1.2715 mark=0.6902 time=5.8129 acc1=0.8125
ep 4 step 19350 lr=8.54e-06 loss=1.2711 mark=0.6901 time=5.8098 acc1=0.8125
ep 4 step 19400 lr=8.17e-06 loss=1.2708 mark=0.6899 time=5.8090 acc1=0.8123
ep 4 step 19450 lr=7.81e-06 loss=1.2705 mark=0.6895 time=5.8108 acc1=0.8124
ep 4 step 19500 lr=7.46e-06 loss=1.2704 mark=0.6895 time=5.8083 acc1=0.8121
ep 4 step 19550 lr=7.12e-06 loss=1.2700 mark=0.6888 time=5.8122 acc1=0.8122
ep 4 step 19600 lr=6.78e-06 loss=1.2701 mark=0.6891 time=5.8100 acc1=0.8122
ep 4 step 19650 lr=6.45e-06 loss=1.2705 mark=0.6895 time=5.8106 acc1=0.8123
ep 4 step 19700 lr=6.13e-06 loss=1.2696 mark=0.6888 time=5.8087 acc1=0.8125
ep 4 step 19750 lr=5.82e-06 loss=1.2700 mark=0.6890 time=5.8099 acc1=0.8123
ep 4 step 19800 lr=5.52e-06 loss=1.2705 mark=0.6897 time=5.8079 acc1=0.8121
ep 4 step 19850 lr=5.22e-06 loss=1.2705 mark=0.6895 time=5.8097 acc1=0.8123
ep 4 step 19900 lr=4.93e-06 loss=1.2717 mark=0.6907 time=5.8105 acc1=0.8120
ep 4 step 19950 lr=4.66e-06 loss=1.2712 mark=0.6903 time=5.8088 acc1=0.8122
ep 4 step 20000 lr=4.38e-06 loss=1.2719 mark=0.6910 time=5.8087 acc1=0.8123
ep 4 step 20050 lr=4.12e-06 loss=1.2717 mark=0.6908 time=5.8084 acc1=0.8124
ep 4 step 20100 lr=3.86e-06 loss=1.2704 mark=0.6897 time=5.8065 acc1=0.8126
ep 4 step 20150 lr=3.62e-06 loss=1.2692 mark=0.6885 time=5.8074 acc1=0.8128
ep 4 step 20200 lr=3.38e-06 loss=1.2694 mark=0.6888 time=5.8059 acc1=0.8126
ep 4 step 20250 lr=3.15e-06 loss=1.2703 mark=0.6897 time=5.8052 acc1=0.8125
ep 4 step 20300 lr=2.92e-06 loss=1.2693 mark=0.6890 time=5.8032 acc1=0.8126
ep 4 step 20350 lr=2.71e-06 loss=1.2703 mark=0.6895 time=5.8075 acc1=0.8124
ep 4 step 20400 lr=2.50e-06 loss=1.2697 mark=0.6891 time=5.8061 acc1=0.8124
ep 4 step 20450 lr=2.30e-06 loss=1.2699 mark=0.6895 time=5.8039 acc1=0.8123
ep 4 step 20500 lr=2.11e-06 loss=1.2710 mark=0.6902 time=5.8080 acc1=0.8121
ep 4 step 20550 lr=1.93e-06 loss=1.2713 mark=0.6903 time=5.8097 acc1=0.8122
ep 4 step 20600 lr=1.76e-06 loss=1.2700 mark=0.6893 time=5.8072 acc1=0.8123
ep 4 step 20650 lr=1.59e-06 loss=1.2689 mark=0.6883 time=5.8068 acc1=0.8125
ep 4 step 20700 lr=1.43e-06 loss=1.2688 mark=0.6881 time=5.8076 acc1=0.8124
ep 4 step 20750 lr=1.28e-06 loss=1.2688 mark=0.6882 time=5.8058 acc1=0.8124
ep 4 step 20800 lr=1.14e-06 loss=1.2690 mark=0.6885 time=5.8051 acc1=0.8124
ep 4 step 20850 lr=1.01e-06 loss=1.2684 mark=0.6879 time=5.8055 acc1=0.8125
ep 4 step 20900 lr=8.83e-07 loss=1.2683 mark=0.6877 time=5.8059 acc1=0.8126
ep 4 step 20950 lr=7.66e-07 loss=1.2681 mark=0.6878 time=5.8031 acc1=0.8126
ep 4 step 21000 lr=6.58e-07 loss=1.2680 mark=0.6877 time=5.8026 acc1=0.8127
ep 4 step 21050 lr=5.57e-07 loss=1.2677 mark=0.6876 time=5.8011 acc1=0.8128
ep 4 step 21100 lr=4.65e-07 loss=1.2672 mark=0.6873 time=5.7989 acc1=0.8128
ep 4 step 21150 lr=3.82e-07 loss=1.2681 mark=0.6882 time=5.7991 acc1=0.8126
ep 4 step 21200 lr=3.06e-07 loss=1.2674 mark=0.6877 time=5.7970 acc1=0.8127
ep 4 step 21250 lr=2.39e-07 loss=1.2681 mark=0.6885 time=5.7961 acc1=0.8125
ep 4 step 21300 lr=1.81e-07 loss=1.2683 mark=0.6888 time=5.7949 acc1=0.8125
ep 4 step 21350 lr=1.30e-07 loss=1.2684 mark=0.6890 time=5.7944 acc1=0.8124
ep 4 step 21400 lr=8.77e-08 loss=1.2677 mark=0.6884 time=5.7931 acc1=0.8125
ep 4 step 21450 lr=5.37e-08 loss=1.2681 mark=0.6888 time=5.7927 acc1=0.8125
ep 4 step 21500 lr=2.80e-08 loss=1.2682 mark=0.6890 time=5.7926 acc1=0.8125
ep 4 step 21550 lr=1.06e-08 loss=1.2682 mark=0.6891 time=5.7904 acc1=0.8125
ep 4 step 21600 lr=1.49e-09 loss=1.2679 mark=0.6890 time=5.7892 acc1=0.8126
[ep 4] val top1=0.7589 top3=0.8697 top5=0.8989 time_nll=5.9403  (436s)
  -> saved best to m4_runs\20260422_003902_full/best.pt

[test] loading best checkpoint...
[test] top1=0.7749 top3=0.8801 top5=0.9098 time_nll=6.1224
  n_legal in 1-1: n=3  top1=1.0
  n_legal in 2-3: n=3  top1=0.0
  n_legal in 4-6: n=17  top1=0.8823529481887817
  n_legal in 7-15: n=120  top1=0.8666666746139526
  n_legal in 16-300: n=10047  top1=0.7737632989883423
