[train] 4326 steps/epoch, 43260 total, amp=True amp_dtype=torch.bfloat16
ep 0 step 50 lr=3.00e-05 loss=9.1815 mark=5.0043 time=13.9239 acc1=0.0163
ep 0 step 100 lr=6.00e-05 loss=8.1874 mark=4.9736 time=10.7127 acc1=0.0206
ep 0 step 150 lr=9.00e-05 loss=7.7870 mark=4.9415 time=9.4851 acc1=0.0238
ep 0 step 200 lr=1.20e-04 loss=7.4960 mark=4.8336 time=8.8747 acc1=0.0277
ep 0 step 250 lr=1.50e-04 loss=7.2320 mark=4.6819 time=8.5005 acc1=0.0446
ep 0 step 300 lr=1.80e-04 loss=6.9656 mark=4.4925 time=8.2437 acc1=0.0726
ep 0 step 350 lr=2.10e-04 loss=6.7366 mark=4.3177 time=8.0630 acc1=0.1020
ep 0 step 400 lr=2.40e-04 loss=6.5277 mark=4.1553 time=7.9079 acc1=0.1277
ep 0 step 450 lr=2.70e-04 loss=6.3601 mark=4.0252 time=7.7829 acc1=0.1482
ep 0 step 500 lr=3.00e-04 loss=6.2094 mark=3.9059 time=7.6786 acc1=0.1668
ep 0 step 550 lr=3.00e-04 loss=6.0841 mark=3.8081 time=7.5867 acc1=0.1811
ep 0 step 600 lr=3.00e-04 loss=5.9755 mark=3.7146 time=7.5364 acc1=0.1971
ep 0 step 650 lr=3.00e-04 loss=5.8847 mark=3.6443 time=7.4681 acc1=0.2079
ep 0 step 700 lr=3.00e-04 loss=5.8111 mark=3.5855 time=7.4186 acc1=0.2187
ep 0 step 750 lr=3.00e-04 loss=5.7313 mark=3.5233 time=7.3598 acc1=0.2268
ep 0 step 800 lr=3.00e-04 loss=5.6711 mark=3.4742 time=7.3230 acc1=0.2352
ep 0 step 850 lr=3.00e-04 loss=5.6114 mark=3.4246 time=7.2893 acc1=0.2419
ep 0 step 900 lr=3.00e-04 loss=5.5556 mark=3.3762 time=7.2644 acc1=0.2492
ep 0 step 950 lr=3.00e-04 loss=5.5006 mark=3.3273 time=7.2444 acc1=0.2566
ep 0 step 1000 lr=3.00e-04 loss=5.4477 mark=3.2828 time=7.2163 acc1=0.2643
ep 0 step 1050 lr=3.00e-04 loss=5.4055 mark=3.2496 time=7.1865 acc1=0.2685
ep 0 step 1100 lr=3.00e-04 loss=5.3638 mark=3.2157 time=7.1603 acc1=0.2737
ep 0 step 1150 lr=3.00e-04 loss=5.3171 mark=3.1793 time=7.1261 acc1=0.2787
ep 0 step 1200 lr=3.00e-04 loss=5.2732 mark=3.1436 time=7.0984 acc1=0.2839
ep 0 step 1250 lr=3.00e-04 loss=5.2391 mark=3.1170 time=7.0737 acc1=0.2882
ep 0 step 1300 lr=3.00e-04 loss=5.2027 mark=3.0875 time=7.0509 acc1=0.2928
ep 0 step 1350 lr=3.00e-04 loss=5.1731 mark=3.0623 time=7.0361 acc1=0.2968
ep 0 step 1400 lr=3.00e-04 loss=5.1367 mark=3.0329 time=7.0127 acc1=0.3006
ep 0 step 1450 lr=3.00e-04 loss=5.1096 mark=3.0111 time=6.9950 acc1=0.3045
ep 0 step 1500 lr=3.00e-04 loss=5.0822 mark=2.9884 time=6.9795 acc1=0.3081
ep 0 step 1550 lr=3.00e-04 loss=5.0544 mark=2.9658 time=6.9618 acc1=0.3111
ep 0 step 1600 lr=3.00e-04 loss=5.0252 mark=2.9410 time=6.9472 acc1=0.3148
ep 0 step 1650 lr=2.99e-04 loss=5.0007 mark=2.9203 time=6.9346 acc1=0.3188
ep 0 step 1700 lr=2.99e-04 loss=4.9760 mark=2.9001 time=6.9195 acc1=0.3223
ep 0 step 1750 lr=2.99e-04 loss=4.9482 mark=2.8759 time=6.9077 acc1=0.3266
ep 0 step 1800 lr=2.99e-04 loss=4.9220 mark=2.8540 time=6.8934 acc1=0.3302
ep 0 step 1850 lr=2.99e-04 loss=4.8984 mark=2.8328 time=6.8855 acc1=0.3342
ep 0 step 1900 lr=2.99e-04 loss=4.8751 mark=2.8127 time=6.8745 acc1=0.3377
ep 0 step 1950 lr=2.99e-04 loss=4.8512 mark=2.7902 time=6.8698 acc1=0.3420
ep 0 step 2000 lr=2.99e-04 loss=4.8258 mark=2.7676 time=6.8606 acc1=0.3462
ep 0 step 2050 lr=2.99e-04 loss=4.8043 mark=2.7501 time=6.8474 acc1=0.3500
ep 0 step 2100 lr=2.99e-04 loss=4.7802 mark=2.7284 time=6.8394 acc1=0.3543
ep 0 step 2150 lr=2.99e-04 loss=4.7578 mark=2.7081 time=6.8323 acc1=0.3587
ep 0 step 2200 lr=2.99e-04 loss=4.7340 mark=2.6878 time=6.8205 acc1=0.3628
ep 0 step 2250 lr=2.99e-04 loss=4.7113 mark=2.6683 time=6.8100 acc1=0.3672
ep 0 step 2300 lr=2.99e-04 loss=4.6898 mark=2.6491 time=6.8024 acc1=0.3713
ep 0 step 2350 lr=2.99e-04 loss=4.6701 mark=2.6308 time=6.7975 acc1=0.3752
ep 0 step 2400 lr=2.99e-04 loss=4.6485 mark=2.6111 time=6.7914 acc1=0.3799
ep 0 step 2450 lr=2.98e-04 loss=4.6272 mark=2.5928 time=6.7813 acc1=0.3836
ep 0 step 2500 lr=2.98e-04 loss=4.6081 mark=2.5772 time=6.7695 acc1=0.3876
ep 0 step 2550 lr=2.98e-04 loss=4.5864 mark=2.5572 time=6.7638 acc1=0.3918
ep 0 step 2600 lr=2.98e-04 loss=4.5690 mark=2.5418 time=6.7575 acc1=0.3956
ep 0 step 2650 lr=2.98e-04 loss=4.5487 mark=2.5231 time=6.7523 acc1=0.3994
ep 0 step 2700 lr=2.98e-04 loss=4.5293 mark=2.5056 time=6.7457 acc1=0.4037
ep 0 step 2750 lr=2.98e-04 loss=4.5112 mark=2.4894 time=6.7394 acc1=0.4075
ep 0 step 2800 lr=2.98e-04 loss=4.4923 mark=2.4727 time=6.7320 acc1=0.4114
ep 0 step 2850 lr=2.98e-04 loss=4.4744 mark=2.4564 time=6.7267 acc1=0.4151
ep 0 step 2900 lr=2.98e-04 loss=4.4568 mark=2.4406 time=6.7206 acc1=0.4187
ep 0 step 2950 lr=2.98e-04 loss=4.4393 mark=2.4246 time=6.7153 acc1=0.4221
ep 0 step 3000 lr=2.97e-04 loss=4.4188 mark=2.4062 time=6.7085 acc1=0.4260
ep 0 step 3050 lr=2.97e-04 loss=4.4016 mark=2.3905 time=6.7037 acc1=0.4298
ep 0 step 3100 lr=2.97e-04 loss=4.3858 mark=2.3760 time=6.6993 acc1=0.4333
ep 0 step 3150 lr=2.97e-04 loss=4.3693 mark=2.3609 time=6.6945 acc1=0.4367
ep 0 step 3200 lr=2.97e-04 loss=4.3541 mark=2.3467 time=6.6913 acc1=0.4401
ep 0 step 3250 lr=2.97e-04 loss=4.3385 mark=2.3325 time=6.6867 acc1=0.4435
ep 0 step 3300 lr=2.97e-04 loss=4.3232 mark=2.3193 time=6.6797 acc1=0.4466
ep 0 step 3350 lr=2.97e-04 loss=4.3086 mark=2.3066 time=6.6733 acc1=0.4500
ep 0 step 3400 lr=2.97e-04 loss=4.2939 mark=2.2932 time=6.6687 acc1=0.4533
ep 0 step 3450 lr=2.96e-04 loss=4.2785 mark=2.2790 time=6.6650 acc1=0.4564
ep 0 step 3500 lr=2.96e-04 loss=4.2651 mark=2.2669 time=6.6606 acc1=0.4593
ep 0 step 3550 lr=2.96e-04 loss=4.2507 mark=2.2539 time=6.6561 acc1=0.4624
ep 0 step 3600 lr=2.96e-04 loss=4.2376 mark=2.2422 time=6.6511 acc1=0.4653
ep 0 step 3650 lr=2.96e-04 loss=4.2245 mark=2.2296 time=6.6498 acc1=0.4681
ep 0 step 3700 lr=2.96e-04 loss=4.2122 mark=2.2182 time=6.6466 acc1=0.4708
ep 0 step 3750 lr=2.96e-04 loss=4.1988 mark=2.2065 time=6.6411 acc1=0.4736
ep 0 step 3800 lr=2.96e-04 loss=4.1861 mark=2.1949 time=6.6372 acc1=0.4763
ep 0 step 3850 lr=2.95e-04 loss=4.1728 mark=2.1829 time=6.6329 acc1=0.4790
ep 0 step 3900 lr=2.95e-04 loss=4.1601 mark=2.1715 time=6.6288 acc1=0.4817
ep 0 step 3950 lr=2.95e-04 loss=4.1488 mark=2.1614 time=6.6245 acc1=0.4843
ep 0 step 4000 lr=2.95e-04 loss=4.1371 mark=2.1510 time=6.6206 acc1=0.4869
ep 0 step 4050 lr=2.95e-04 loss=4.1259 mark=2.1414 time=6.6151 acc1=0.4896
ep 0 step 4100 lr=2.95e-04 loss=4.1147 mark=2.1313 time=6.6112 acc1=0.4921
ep 0 step 4150 lr=2.95e-04 loss=4.1034 mark=2.1216 time=6.6062 acc1=0.4943
ep 0 step 4200 lr=2.94e-04 loss=4.0912 mark=2.1104 time=6.6028 acc1=0.4969
ep 0 step 4250 lr=2.94e-04 loss=4.0804 mark=2.1003 time=6.6001 acc1=0.4992
ep 0 step 4300 lr=2.94e-04 loss=4.0701 mark=2.0910 time=6.5968 acc1=0.5017
[ep 0] val top1=0.6701 top3=0.8188 top5=0.8609 time_nll=6.3017  (516s)
  -> saved best to m4_runs\v2_all/best.pt
ep 1 step 4350 lr=2.94e-04 loss=3.1504 mark=1.2631 time=6.2910 acc1=0.7005
ep 1 step 4400 lr=2.94e-04 loss=3.1093 mark=1.2461 time=6.2107 acc1=0.6993
ep 1 step 4450 lr=2.94e-04 loss=3.1516 mark=1.2573 time=6.3143 acc1=0.6981
ep 1 step 4500 lr=2.94e-04 loss=3.1307 mark=1.2455 time=6.2837 acc1=0.6963
ep 1 step 4550 lr=2.93e-04 loss=3.1055 mark=1.2308 time=6.2489 acc1=0.7027
ep 1 step 4600 lr=2.93e-04 loss=3.1012 mark=1.2289 time=6.2410 acc1=0.7052
ep 1 step 4650 lr=2.93e-04 loss=3.1098 mark=1.2392 time=6.2352 acc1=0.7052
ep 1 step 4700 lr=2.93e-04 loss=3.1049 mark=1.2348 time=6.2335 acc1=0.7045
ep 1 step 4750 lr=2.93e-04 loss=3.1018 mark=1.2377 time=6.2136 acc1=0.7047
ep 1 step 4800 lr=2.93e-04 loss=3.0928 mark=1.2285 time=6.2143 acc1=0.7069
ep 1 step 4850 lr=2.92e-04 loss=3.0873 mark=1.2199 time=6.2247 acc1=0.7099
ep 1 step 4900 lr=2.92e-04 loss=3.0832 mark=1.2154 time=6.2260 acc1=0.7122
ep 1 step 4950 lr=2.92e-04 loss=3.0826 mark=1.2143 time=6.2277 acc1=0.7137
ep 1 step 5000 lr=2.92e-04 loss=3.0726 mark=1.2068 time=6.2194 acc1=0.7155
ep 1 step 5050 lr=2.92e-04 loss=3.0683 mark=1.2040 time=6.2143 acc1=0.7155
ep 1 step 5100 lr=2.92e-04 loss=3.0631 mark=1.2001 time=6.2101 acc1=0.7166
ep 1 step 5150 lr=2.91e-04 loss=3.0572 mark=1.1942 time=6.2101 acc1=0.7179
ep 1 step 5200 lr=2.91e-04 loss=3.0611 mark=1.1980 time=6.2105 acc1=0.7178
ep 1 step 5250 lr=2.91e-04 loss=3.0610 mark=1.1990 time=6.2067 acc1=0.7184
ep 1 step 5300 lr=2.91e-04 loss=3.0609 mark=1.1991 time=6.2059 acc1=0.7192
ep 1 step 5350 lr=2.91e-04 loss=3.0612 mark=1.1962 time=6.2168 acc1=0.7200
ep 1 step 5400 lr=2.90e-04 loss=3.0554 mark=1.1893 time=6.2202 acc1=0.7217
ep 1 step 5450 lr=2.90e-04 loss=3.0517 mark=1.1877 time=6.2132 acc1=0.7223
ep 1 step 5500 lr=2.90e-04 loss=3.0429 mark=1.1810 time=6.2064 acc1=0.7236
ep 1 step 5550 lr=2.90e-04 loss=3.0404 mark=1.1784 time=6.2064 acc1=0.7234
ep 1 step 5600 lr=2.90e-04 loss=3.0344 mark=1.1751 time=6.1977 acc1=0.7245
ep 1 step 5650 lr=2.89e-04 loss=3.0307 mark=1.1712 time=6.1981 acc1=0.7252
ep 1 step 5700 lr=2.89e-04 loss=3.0320 mark=1.1722 time=6.1993 acc1=0.7255
ep 1 step 5750 lr=2.89e-04 loss=3.0313 mark=1.1717 time=6.1985 acc1=0.7257
ep 1 step 5800 lr=2.89e-04 loss=3.0322 mark=1.1720 time=6.2006 acc1=0.7262
ep 1 step 5850 lr=2.89e-04 loss=3.0272 mark=1.1686 time=6.1951 acc1=0.7271
ep 1 step 5900 lr=2.88e-04 loss=3.0258 mark=1.1674 time=6.1946 acc1=0.7274
ep 1 step 5950 lr=2.88e-04 loss=3.0223 mark=1.1648 time=6.1918 acc1=0.7278
ep 1 step 6000 lr=2.88e-04 loss=3.0221 mark=1.1647 time=6.1915 acc1=0.7284
ep 1 step 6050 lr=2.88e-04 loss=3.0163 mark=1.1597 time=6.1886 acc1=0.7296
ep 1 step 6100 lr=2.87e-04 loss=3.0159 mark=1.1587 time=6.1908 acc1=0.7301
ep 1 step 6150 lr=2.87e-04 loss=3.0162 mark=1.1574 time=6.1960 acc1=0.7306
ep 1 step 6200 lr=2.87e-04 loss=3.0130 mark=1.1535 time=6.1982 acc1=0.7314
ep 1 step 6250 lr=2.87e-04 loss=3.0115 mark=1.1527 time=6.1960 acc1=0.7317
ep 1 step 6300 lr=2.87e-04 loss=3.0083 mark=1.1494 time=6.1963 acc1=0.7323
ep 1 step 6350 lr=2.86e-04 loss=3.0055 mark=1.1453 time=6.2006 acc1=0.7331
ep 1 step 6400 lr=2.86e-04 loss=3.0041 mark=1.1434 time=6.2023 acc1=0.7337
ep 1 step 6450 lr=2.86e-04 loss=2.9997 mark=1.1395 time=6.2009 acc1=0.7344
ep 1 step 6500 lr=2.86e-04 loss=2.9962 mark=1.1363 time=6.1997 acc1=0.7351
ep 1 step 6550 lr=2.85e-04 loss=2.9925 mark=1.1322 time=6.2009 acc1=0.7358
ep 1 step 6600 lr=2.85e-04 loss=2.9917 mark=1.1305 time=6.2037 acc1=0.7366
ep 1 step 6650 lr=2.85e-04 loss=2.9892 mark=1.1290 time=6.2006 acc1=0.7371
ep 1 step 6700 lr=2.85e-04 loss=2.9844 mark=1.1258 time=6.1952 acc1=0.7379
ep 1 step 6750 lr=2.84e-04 loss=2.9831 mark=1.1238 time=6.1977 acc1=0.7381
ep 1 step 6800 lr=2.84e-04 loss=2.9796 mark=1.1209 time=6.1957 acc1=0.7386
ep 1 step 6850 lr=2.84e-04 loss=2.9772 mark=1.1179 time=6.1975 acc1=0.7393
ep 1 step 6900 lr=2.84e-04 loss=2.9733 mark=1.1142 time=6.1971 acc1=0.7401
ep 1 step 6950 lr=2.83e-04 loss=2.9694 mark=1.1109 time=6.1950 acc1=0.7411
ep 1 step 7000 lr=2.83e-04 loss=2.9662 mark=1.1081 time=6.1937 acc1=0.7417
ep 1 step 7050 lr=2.83e-04 loss=2.9652 mark=1.1081 time=6.1903 acc1=0.7420
ep 1 step 7100 lr=2.83e-04 loss=2.9625 mark=1.1056 time=6.1898 acc1=0.7427
ep 1 step 7150 lr=2.82e-04 loss=2.9592 mark=1.1027 time=6.1882 acc1=0.7435
ep 1 step 7200 lr=2.82e-04 loss=2.9557 mark=1.0997 time=6.1866 acc1=0.7441
ep 1 step 7250 lr=2.82e-04 loss=2.9530 mark=1.0974 time=6.1854 acc1=0.7446
ep 1 step 7300 lr=2.82e-04 loss=2.9512 mark=1.0953 time=6.1863 acc1=0.7454
ep 1 step 7350 lr=2.81e-04 loss=2.9488 mark=1.0937 time=6.1838 acc1=0.7459
ep 1 step 7400 lr=2.81e-04 loss=2.9468 mark=1.0923 time=6.1815 acc1=0.7466
ep 1 step 7450 lr=2.81e-04 loss=2.9446 mark=1.0902 time=6.1813 acc1=0.7470
ep 1 step 7500 lr=2.81e-04 loss=2.9426 mark=1.0888 time=6.1793 acc1=0.7475
ep 1 step 7550 lr=2.80e-04 loss=2.9395 mark=1.0854 time=6.1805 acc1=0.7482
ep 1 step 7600 lr=2.80e-04 loss=2.9371 mark=1.0835 time=6.1788 acc1=0.7487
ep 1 step 7650 lr=2.80e-04 loss=2.9344 mark=1.0817 time=6.1757 acc1=0.7494
ep 1 step 7700 lr=2.79e-04 loss=2.9313 mark=1.0796 time=6.1724 acc1=0.7500
ep 1 step 7750 lr=2.79e-04 loss=2.9300 mark=1.0786 time=6.1715 acc1=0.7505
ep 1 step 7800 lr=2.79e-04 loss=2.9274 mark=1.0765 time=6.1698 acc1=0.7510
ep 1 step 7850 lr=2.79e-04 loss=2.9252 mark=1.0749 time=6.1678 acc1=0.7513
ep 1 step 7900 lr=2.78e-04 loss=2.9226 mark=1.0727 time=6.1664 acc1=0.7520
ep 1 step 7950 lr=2.78e-04 loss=2.9197 mark=1.0702 time=6.1652 acc1=0.7527
ep 1 step 8000 lr=2.78e-04 loss=2.9163 mark=1.0671 time=6.1641 acc1=0.7534
ep 1 step 8050 lr=2.78e-04 loss=2.9141 mark=1.0652 time=6.1632 acc1=0.7539
ep 1 step 8100 lr=2.77e-04 loss=2.9114 mark=1.0626 time=6.1628 acc1=0.7544
ep 1 step 8150 lr=2.77e-04 loss=2.9108 mark=1.0624 time=6.1615 acc1=0.7548
ep 1 step 8200 lr=2.77e-04 loss=2.9090 mark=1.0609 time=6.1604 acc1=0.7552
ep 1 step 8250 lr=2.76e-04 loss=2.9070 mark=1.0586 time=6.1611 acc1=0.7556
ep 1 step 8300 lr=2.76e-04 loss=2.9042 mark=1.0561 time=6.1602 acc1=0.7561
ep 1 step 8350 lr=2.76e-04 loss=2.9021 mark=1.0538 time=6.1610 acc1=0.7567
ep 1 step 8400 lr=2.75e-04 loss=2.8996 mark=1.0519 time=6.1590 acc1=0.7572
ep 1 step 8450 lr=2.75e-04 loss=2.8967 mark=1.0489 time=6.1594 acc1=0.7579
ep 1 step 8500 lr=2.75e-04 loss=2.8937 mark=1.0460 time=6.1588 acc1=0.7585
ep 1 step 8550 lr=2.75e-04 loss=2.8912 mark=1.0443 time=6.1564 acc1=0.7589
ep 1 step 8600 lr=2.74e-04 loss=2.8902 mark=1.0432 time=6.1568 acc1=0.7594
ep 1 step 8650 lr=2.74e-04 loss=2.8883 mark=1.0414 time=6.1564 acc1=0.7600
[ep 1] val top1=0.7625 top3=0.8696 top5=0.8986 time_nll=6.1750  (518s)
  -> saved best to m4_runs\v2_all/best.pt
ep 2 step 8700 lr=2.74e-04 loss=2.7276 mark=0.8437 time=6.2794 acc1=0.8027
ep 2 step 8750 lr=2.73e-04 loss=2.7403 mark=0.8697 time=6.2354 acc1=0.7985
ep 2 step 8800 lr=2.73e-04 loss=2.7152 mark=0.8635 time=6.1721 acc1=0.7988
ep 2 step 8850 lr=2.73e-04 loss=2.6947 mark=0.8531 time=6.1387 acc1=0.8024
ep 2 step 8900 lr=2.72e-04 loss=2.6887 mark=0.8453 time=6.1447 acc1=0.8049
ep 2 step 8950 lr=2.72e-04 loss=2.6871 mark=0.8535 time=6.1120 acc1=0.8034
ep 2 step 9000 lr=2.72e-04 loss=2.6709 mark=0.8436 time=6.0909 acc1=0.8033
ep 2 step 9050 lr=2.71e-04 loss=2.6651 mark=0.8395 time=6.0854 acc1=0.8062
ep 2 step 9100 lr=2.71e-04 loss=2.6655 mark=0.8485 time=6.0567 acc1=0.8065
ep 2 step 9150 lr=2.71e-04 loss=2.6646 mark=0.8430 time=6.0721 acc1=0.8076
ep 2 step 9200 lr=2.70e-04 loss=2.6655 mark=0.8403 time=6.0841 acc1=0.8072
ep 2 step 9250 lr=2.70e-04 loss=2.6559 mark=0.8304 time=6.0849 acc1=0.8086
ep 2 step 9300 lr=2.70e-04 loss=2.6587 mark=0.8336 time=6.0834 acc1=0.8079
ep 2 step 9350 lr=2.69e-04 loss=2.6546 mark=0.8282 time=6.0878 acc1=0.8085
ep 2 step 9400 lr=2.69e-04 loss=2.6561 mark=0.8312 time=6.0831 acc1=0.8088
ep 2 step 9450 lr=2.69e-04 loss=2.6566 mark=0.8311 time=6.0849 acc1=0.8092
ep 2 step 9500 lr=2.68e-04 loss=2.6527 mark=0.8290 time=6.0789 acc1=0.8094
ep 2 step 9550 lr=2.68e-04 loss=2.6541 mark=0.8299 time=6.0804 acc1=0.8096
ep 2 step 9600 lr=2.68e-04 loss=2.6518 mark=0.8280 time=6.0794 acc1=0.8097
ep 2 step 9650 lr=2.67e-04 loss=2.6520 mark=0.8284 time=6.0788 acc1=0.8094
ep 2 step 9700 lr=2.67e-04 loss=2.6499 mark=0.8272 time=6.0756 acc1=0.8099
ep 2 step 9750 lr=2.67e-04 loss=2.6508 mark=0.8257 time=6.0837 acc1=0.8103
ep 2 step 9800 lr=2.66e-04 loss=2.6512 mark=0.8281 time=6.0770 acc1=0.8098
ep 2 step 9850 lr=2.66e-04 loss=2.6476 mark=0.8263 time=6.0709 acc1=0.8103
ep 2 step 9900 lr=2.66e-04 loss=2.6468 mark=0.8264 time=6.0678 acc1=0.8102
ep 2 step 9950 lr=2.65e-04 loss=2.6426 mark=0.8231 time=6.0648 acc1=0.8108
ep 2 step 10000 lr=2.65e-04 loss=2.6417 mark=0.8240 time=6.0590 acc1=0.8107
ep 2 step 10050 lr=2.65e-04 loss=2.6421 mark=0.8251 time=6.0564 acc1=0.8106
ep 2 step 10100 lr=2.64e-04 loss=2.6411 mark=0.8259 time=6.0504 acc1=0.8107
ep 2 step 10150 lr=2.64e-04 loss=2.6399 mark=0.8246 time=6.0508 acc1=0.8111
ep 2 step 10200 lr=2.63e-04 loss=2.6410 mark=0.8265 time=6.0485 acc1=0.8108
ep 2 step 10250 lr=2.63e-04 loss=2.6387 mark=0.8248 time=6.0463 acc1=0.8111
ep 2 step 10300 lr=2.63e-04 loss=2.6387 mark=0.8241 time=6.0489 acc1=0.8116
ep 2 step 10350 lr=2.62e-04 loss=2.6384 mark=0.8239 time=6.0484 acc1=0.8116
ep 2 step 10400 lr=2.62e-04 loss=2.6408 mark=0.8268 time=6.0465 acc1=0.8114
ep 2 step 10450 lr=2.62e-04 loss=2.6364 mark=0.8248 time=6.0386 acc1=0.8118
ep 2 step 10500 lr=2.61e-04 loss=2.6369 mark=0.8258 time=6.0369 acc1=0.8116
ep 2 step 10550 lr=2.61e-04 loss=2.6332 mark=0.8237 time=6.0320 acc1=0.8121
ep 2 step 10600 lr=2.61e-04 loss=2.6322 mark=0.8234 time=6.0295 acc1=0.8122
ep 2 step 10650 lr=2.60e-04 loss=2.6336 mark=0.8246 time=6.0299 acc1=0.8119
ep 2 step 10700 lr=2.60e-04 loss=2.6330 mark=0.8239 time=6.0304 acc1=0.8119
ep 2 step 10750 lr=2.59e-04 loss=2.6326 mark=0.8257 time=6.0231 acc1=0.8118
ep 2 step 10800 lr=2.59e-04 loss=2.6310 mark=0.8243 time=6.0225 acc1=0.8122
ep 2 step 10850 lr=2.59e-04 loss=2.6305 mark=0.8246 time=6.0200 acc1=0.8125
ep 2 step 10900 lr=2.58e-04 loss=2.6310 mark=0.8246 time=6.0213 acc1=0.8125
ep 2 step 10950 lr=2.58e-04 loss=2.6290 mark=0.8239 time=6.0169 acc1=0.8127
ep 2 step 11000 lr=2.58e-04 loss=2.6297 mark=0.8241 time=6.0189 acc1=0.8125
ep 2 step 11050 lr=2.57e-04 loss=2.6284 mark=0.8225 time=6.0197 acc1=0.8125
ep 2 step 11100 lr=2.57e-04 loss=2.6284 mark=0.8223 time=6.0202 acc1=0.8125
ep 2 step 11150 lr=2.56e-04 loss=2.6275 mark=0.8220 time=6.0184 acc1=0.8124
ep 2 step 11200 lr=2.56e-04 loss=2.6260 mark=0.8199 time=6.0200 acc1=0.8128
ep 2 step 11250 lr=2.56e-04 loss=2.6260 mark=0.8193 time=6.0223 acc1=0.8129
ep 2 step 11300 lr=2.55e-04 loss=2.6259 mark=0.8191 time=6.0226 acc1=0.8130
ep 2 step 11350 lr=2.55e-04 loss=2.6248 mark=0.8180 time=6.0225 acc1=0.8133
ep 2 step 11400 lr=2.54e-04 loss=2.6236 mark=0.8173 time=6.0210 acc1=0.8134
ep 2 step 11450 lr=2.54e-04 loss=2.6242 mark=0.8179 time=6.0207 acc1=0.8132
ep 2 step 11500 lr=2.54e-04 loss=2.6229 mark=0.8171 time=6.0194 acc1=0.8135
ep 2 step 11550 lr=2.53e-04 loss=2.6185 mark=0.8148 time=6.0124 acc1=0.8136
ep 2 step 11600 lr=2.53e-04 loss=2.6207 mark=0.8160 time=6.0159 acc1=0.8136
ep 2 step 11650 lr=2.52e-04 loss=2.6197 mark=0.8151 time=6.0153 acc1=0.8138
ep 2 step 11700 lr=2.52e-04 loss=2.6194 mark=0.8146 time=6.0162 acc1=0.8138
ep 2 step 11750 lr=2.52e-04 loss=2.6181 mark=0.8140 time=6.0138 acc1=0.8139
ep 2 step 11800 lr=2.51e-04 loss=2.6178 mark=0.8136 time=6.0141 acc1=0.8140
ep 2 step 11850 lr=2.51e-04 loss=2.6184 mark=0.8136 time=6.0160 acc1=0.8141
ep 2 step 11900 lr=2.50e-04 loss=2.6163 mark=0.8124 time=6.0129 acc1=0.8142
ep 2 step 11950 lr=2.50e-04 loss=2.6154 mark=0.8122 time=6.0108 acc1=0.8143
ep 2 step 12000 lr=2.50e-04 loss=2.6141 mark=0.8109 time=6.0106 acc1=0.8144
ep 2 step 12050 lr=2.49e-04 loss=2.6137 mark=0.8106 time=6.0105 acc1=0.8145
ep 2 step 12100 lr=2.49e-04 loss=2.6118 mark=0.8093 time=6.0084 acc1=0.8145
ep 2 step 12150 lr=2.48e-04 loss=2.6094 mark=0.8078 time=6.0051 acc1=0.8147
ep 2 step 12200 lr=2.48e-04 loss=2.6100 mark=0.8081 time=6.0063 acc1=0.8147
ep 2 step 12250 lr=2.47e-04 loss=2.6071 mark=0.8061 time=6.0034 acc1=0.8150
ep 2 step 12300 lr=2.47e-04 loss=2.6062 mark=0.8053 time=6.0032 acc1=0.8151
ep 2 step 12350 lr=2.47e-04 loss=2.6059 mark=0.8050 time=6.0030 acc1=0.8152
ep 2 step 12400 lr=2.46e-04 loss=2.6062 mark=0.8051 time=6.0036 acc1=0.8152
ep 2 step 12450 lr=2.46e-04 loss=2.6051 mark=0.8047 time=6.0014 acc1=0.8154
ep 2 step 12500 lr=2.45e-04 loss=2.6027 mark=0.8031 time=5.9985 acc1=0.8156
ep 2 step 12550 lr=2.45e-04 loss=2.6014 mark=0.8022 time=5.9972 acc1=0.8158
ep 2 step 12600 lr=2.45e-04 loss=2.6006 mark=0.8015 time=5.9969 acc1=0.8160
ep 2 step 12650 lr=2.44e-04 loss=2.5995 mark=0.8008 time=5.9957 acc1=0.8163
ep 2 step 12700 lr=2.44e-04 loss=2.5984 mark=0.8003 time=5.9936 acc1=0.8167
ep 2 step 12750 lr=2.43e-04 loss=2.5955 mark=0.7980 time=5.9917 acc1=0.8170
ep 2 step 12800 lr=2.43e-04 loss=2.5955 mark=0.7976 time=5.9928 acc1=0.8170
ep 2 step 12850 lr=2.42e-04 loss=2.5945 mark=0.7967 time=5.9926 acc1=0.8172
ep 2 step 12900 lr=2.42e-04 loss=2.5938 mark=0.7966 time=5.9904 acc1=0.8173
ep 2 step 12950 lr=2.42e-04 loss=2.5942 mark=0.7970 time=5.9909 acc1=0.8173
[ep 2] val top1=0.7960 top3=0.8881 top5=0.9114 time_nll=5.9682  (500s)
  -> saved best to m4_runs\v2_all/best.pt
ep 3 step 13000 lr=2.41e-04 loss=2.5321 mark=0.7855 time=5.8220 acc1=0.8224
ep 3 step 13050 lr=2.41e-04 loss=2.5501 mark=0.7518 time=5.9944 acc1=0.8329
ep 3 step 13100 lr=2.40e-04 loss=2.4996 mark=0.7360 time=5.8786 acc1=0.8335
ep 3 step 13150 lr=2.40e-04 loss=2.5136 mark=0.7435 time=5.9006 acc1=0.8347
ep 3 step 13200 lr=2.39e-04 loss=2.5287 mark=0.7498 time=5.9297 acc1=0.8309
ep 3 step 13250 lr=2.39e-04 loss=2.5273 mark=0.7472 time=5.9336 acc1=0.8331
ep 3 step 13300 lr=2.38e-04 loss=2.5079 mark=0.7285 time=5.9314 acc1=0.8358
ep 3 step 13350 lr=2.38e-04 loss=2.5058 mark=0.7278 time=5.9266 acc1=0.8360
ep 3 step 13400 lr=2.38e-04 loss=2.4936 mark=0.7195 time=5.9138 acc1=0.8369
ep 3 step 13450 lr=2.37e-04 loss=2.4889 mark=0.7141 time=5.9163 acc1=0.8386
ep 3 step 13500 lr=2.37e-04 loss=2.4956 mark=0.7219 time=5.9123 acc1=0.8367
ep 3 step 13550 lr=2.36e-04 loss=2.4909 mark=0.7196 time=5.9043 acc1=0.8375
ep 3 step 13600 lr=2.36e-04 loss=2.4938 mark=0.7222 time=5.9052 acc1=0.8367
ep 3 step 13650 lr=2.35e-04 loss=2.4923 mark=0.7160 time=5.9210 acc1=0.8374
ep 3 step 13700 lr=2.35e-04 loss=2.4915 mark=0.7171 time=5.9146 acc1=0.8370
ep 3 step 13750 lr=2.34e-04 loss=2.4921 mark=0.7189 time=5.9106 acc1=0.8364
ep 3 step 13800 lr=2.34e-04 loss=2.4880 mark=0.7158 time=5.9074 acc1=0.8367
ep 3 step 13850 lr=2.33e-04 loss=2.4873 mark=0.7162 time=5.9036 acc1=0.8367
ep 3 step 13900 lr=2.33e-04 loss=2.4882 mark=0.7164 time=5.9058 acc1=0.8360
ep 3 step 13950 lr=2.33e-04 loss=2.4873 mark=0.7131 time=5.9139 acc1=0.8360
ep 3 step 14000 lr=2.32e-04 loss=2.4904 mark=0.7150 time=5.9180 acc1=0.8360
ep 3 step 14050 lr=2.32e-04 loss=2.4873 mark=0.7128 time=5.9149 acc1=0.8367
ep 3 step 14100 lr=2.31e-04 loss=2.4861 mark=0.7078 time=5.9275 acc1=0.8376
ep 3 step 14150 lr=2.31e-04 loss=2.4868 mark=0.7079 time=5.9295 acc1=0.8376
ep 3 step 14200 lr=2.30e-04 loss=2.4816 mark=0.7057 time=5.9197 acc1=0.8374
ep 3 step 14250 lr=2.30e-04 loss=2.4834 mark=0.7063 time=5.9236 acc1=0.8375
ep 3 step 14300 lr=2.29e-04 loss=2.4818 mark=0.7049 time=5.9231 acc1=0.8377
ep 3 step 14350 lr=2.29e-04 loss=2.4793 mark=0.7030 time=5.9213 acc1=0.8377
ep 3 step 14400 lr=2.28e-04 loss=2.4799 mark=0.7048 time=5.9169 acc1=0.8378
ep 3 step 14450 lr=2.28e-04 loss=2.4801 mark=0.7033 time=5.9228 acc1=0.8383
ep 3 step 14500 lr=2.27e-04 loss=2.4792 mark=0.7028 time=5.9214 acc1=0.8383
ep 3 step 14550 lr=2.27e-04 loss=2.4780 mark=0.7025 time=5.9181 acc1=0.8384
ep 3 step 14600 lr=2.26e-04 loss=2.4785 mark=0.7031 time=5.9179 acc1=0.8380
ep 3 step 14650 lr=2.26e-04 loss=2.4775 mark=0.7024 time=5.9170 acc1=0.8379
ep 3 step 14700 lr=2.26e-04 loss=2.4787 mark=0.7035 time=5.9175 acc1=0.8374
ep 3 step 14750 lr=2.25e-04 loss=2.4771 mark=0.7021 time=5.9166 acc1=0.8378
ep 3 step 14800 lr=2.25e-04 loss=2.4760 mark=0.7004 time=5.9186 acc1=0.8381
ep 3 step 14850 lr=2.24e-04 loss=2.4756 mark=0.6995 time=5.9204 acc1=0.8383
ep 3 step 14900 lr=2.24e-04 loss=2.4746 mark=0.6995 time=5.9169 acc1=0.8382
ep 3 step 14950 lr=2.23e-04 loss=2.4735 mark=0.6997 time=5.9125 acc1=0.8383
ep 3 step 15000 lr=2.23e-04 loss=2.4736 mark=0.6988 time=5.9161 acc1=0.8386
ep 3 step 15050 lr=2.22e-04 loss=2.4717 mark=0.6974 time=5.9143 acc1=0.8385
ep 3 step 15100 lr=2.22e-04 loss=2.4720 mark=0.6981 time=5.9131 acc1=0.8386
ep 3 step 15150 lr=2.21e-04 loss=2.4715 mark=0.6980 time=5.9118 acc1=0.8383
ep 3 step 15200 lr=2.21e-04 loss=2.4714 mark=0.6985 time=5.9098 acc1=0.8381
ep 3 step 15250 lr=2.20e-04 loss=2.4715 mark=0.6990 time=5.9084 acc1=0.8384
ep 3 step 15300 lr=2.20e-04 loss=2.4689 mark=0.6968 time=5.9069 acc1=0.8386
ep 3 step 15350 lr=2.19e-04 loss=2.4689 mark=0.6970 time=5.9063 acc1=0.8383
ep 3 step 15400 lr=2.19e-04 loss=2.4687 mark=0.6970 time=5.9059 acc1=0.8384
ep 3 step 15450 lr=2.18e-04 loss=2.4704 mark=0.6982 time=5.9070 acc1=0.8381
ep 3 step 15500 lr=2.18e-04 loss=2.4706 mark=0.6979 time=5.9090 acc1=0.8385
ep 3 step 15550 lr=2.17e-04 loss=2.4709 mark=0.6984 time=5.9082 acc1=0.8385
ep 3 step 15600 lr=2.17e-04 loss=2.4691 mark=0.6973 time=5.9058 acc1=0.8389
ep 3 step 15650 lr=2.16e-04 loss=2.4672 mark=0.6964 time=5.9026 acc1=0.8391
ep 3 step 15700 lr=2.16e-04 loss=2.4655 mark=0.6954 time=5.9003 acc1=0.8391
ep 3 step 15750 lr=2.15e-04 loss=2.4646 mark=0.6948 time=5.8993 acc1=0.8389
ep 3 step 15800 lr=2.15e-04 loss=2.4645 mark=0.6949 time=5.8987 acc1=0.8389
ep 3 step 15850 lr=2.14e-04 loss=2.4649 mark=0.6950 time=5.8996 acc1=0.8391
ep 3 step 15900 lr=2.14e-04 loss=2.4654 mark=0.6956 time=5.8994 acc1=0.8390
ep 3 step 15950 lr=2.13e-04 loss=2.4644 mark=0.6944 time=5.9000 acc1=0.8391
ep 3 step 16000 lr=2.13e-04 loss=2.4644 mark=0.6948 time=5.8987 acc1=0.8390
ep 3 step 16050 lr=2.12e-04 loss=2.4618 mark=0.6928 time=5.8966 acc1=0.8394
ep 3 step 16100 lr=2.12e-04 loss=2.4617 mark=0.6931 time=5.8954 acc1=0.8394
ep 3 step 16150 lr=2.11e-04 loss=2.4607 mark=0.6924 time=5.8944 acc1=0.8397
ep 3 step 16200 lr=2.11e-04 loss=2.4598 mark=0.6919 time=5.8929 acc1=0.8400
ep 3 step 16250 lr=2.10e-04 loss=2.4593 mark=0.6909 time=5.8949 acc1=0.8402
ep 3 step 16300 lr=2.10e-04 loss=2.4576 mark=0.6899 time=5.8924 acc1=0.8404
ep 3 step 16350 lr=2.09e-04 loss=2.4568 mark=0.6893 time=5.8917 acc1=0.8407
ep 3 step 16400 lr=2.09e-04 loss=2.4550 mark=0.6888 time=5.8876 acc1=0.8409
ep 3 step 16450 lr=2.08e-04 loss=2.4544 mark=0.6883 time=5.8870 acc1=0.8410
ep 3 step 16500 lr=2.08e-04 loss=2.4537 mark=0.6882 time=5.8849 acc1=0.8408
ep 3 step 16550 lr=2.07e-04 loss=2.4547 mark=0.6892 time=5.8851 acc1=0.8408
ep 3 step 16600 lr=2.07e-04 loss=2.4547 mark=0.6892 time=5.8849 acc1=0.8407
ep 3 step 16650 lr=2.06e-04 loss=2.4542 mark=0.6892 time=5.8835 acc1=0.8407
ep 3 step 16700 lr=2.06e-04 loss=2.4545 mark=0.6900 time=5.8816 acc1=0.8407
ep 3 step 16750 lr=2.05e-04 loss=2.4539 mark=0.6893 time=5.8821 acc1=0.8408
ep 3 step 16800 lr=2.05e-04 loss=2.4542 mark=0.6896 time=5.8821 acc1=0.8408
ep 3 step 16850 lr=2.04e-04 loss=2.4550 mark=0.6900 time=5.8834 acc1=0.8410
ep 3 step 16900 lr=2.04e-04 loss=2.4542 mark=0.6896 time=5.8819 acc1=0.8410
ep 3 step 16950 lr=2.03e-04 loss=2.4542 mark=0.6900 time=5.8807 acc1=0.8410
ep 3 step 17000 lr=2.03e-04 loss=2.4540 mark=0.6899 time=5.8803 acc1=0.8410
ep 3 step 17050 lr=2.02e-04 loss=2.4537 mark=0.6891 time=5.8820 acc1=0.8411
ep 3 step 17100 lr=2.02e-04 loss=2.4526 mark=0.6882 time=5.8812 acc1=0.8412
ep 3 step 17150 lr=2.01e-04 loss=2.4523 mark=0.6877 time=5.8818 acc1=0.8413
ep 3 step 17200 lr=2.01e-04 loss=2.4523 mark=0.6875 time=5.8826 acc1=0.8413
ep 3 step 17250 lr=2.00e-04 loss=2.4530 mark=0.6884 time=5.8823 acc1=0.8412
ep 3 step 17300 lr=2.00e-04 loss=2.4520 mark=0.6877 time=5.8810 acc1=0.8413
[ep 3] val top1=0.8093 top3=0.8972 top5=0.9188 time_nll=5.9538  (518s)
  -> saved best to m4_runs\v2_all/best.pt
ep 4 step 17350 lr=1.99e-04 loss=2.3771 mark=0.6154 time=5.8725 acc1=0.8621
ep 4 step 17400 lr=1.98e-04 loss=2.3745 mark=0.6047 time=5.8994 acc1=0.8604
ep 4 step 17450 lr=1.98e-04 loss=2.3431 mark=0.5831 time=5.8667 acc1=0.8656
ep 4 step 17500 lr=1.97e-04 loss=2.3555 mark=0.5934 time=5.8738 acc1=0.8624
ep 4 step 17550 lr=1.97e-04 loss=2.3659 mark=0.6074 time=5.8614 acc1=0.8580
ep 4 step 17600 lr=1.96e-04 loss=2.3741 mark=0.6218 time=5.8410 acc1=0.8563
ep 4 step 17650 lr=1.96e-04 loss=2.3588 mark=0.6123 time=5.8215 acc1=0.8569
ep 4 step 17700 lr=1.95e-04 loss=2.3630 mark=0.6136 time=5.8314 acc1=0.8568
ep 4 step 17750 lr=1.95e-04 loss=2.3690 mark=0.6177 time=5.8377 acc1=0.8562
ep 4 step 17800 lr=1.94e-04 loss=2.3747 mark=0.6243 time=5.8345 acc1=0.8550
ep 4 step 17850 lr=1.94e-04 loss=2.3758 mark=0.6195 time=5.8542 acc1=0.8549
ep 4 step 17900 lr=1.93e-04 loss=2.3786 mark=0.6242 time=5.8479 acc1=0.8541
ep 4 step 17950 lr=1.93e-04 loss=2.3840 mark=0.6266 time=5.8580 acc1=0.8548
ep 4 step 18000 lr=1.92e-04 loss=2.3801 mark=0.6249 time=5.8504 acc1=0.8555
ep 4 step 18050 lr=1.92e-04 loss=2.3802 mark=0.6245 time=5.8521 acc1=0.8558
ep 4 step 18100 lr=1.91e-04 loss=2.3745 mark=0.6212 time=5.8443 acc1=0.8562
ep 4 step 18150 lr=1.91e-04 loss=2.3738 mark=0.6212 time=5.8420 acc1=0.8559
ep 4 step 18200 lr=1.90e-04 loss=2.3750 mark=0.6236 time=5.8378 acc1=0.8557
ep 4 step 18250 lr=1.90e-04 loss=2.3733 mark=0.6233 time=5.8333 acc1=0.8556
ep 4 step 18300 lr=1.89e-04 loss=2.3720 mark=0.6217 time=5.8343 acc1=0.8560
ep 4 step 18350 lr=1.88e-04 loss=2.3747 mark=0.6218 time=5.8429 acc1=0.8562
ep 4 step 18400 lr=1.88e-04 loss=2.3720 mark=0.6212 time=5.8361 acc1=0.8558
ep 4 step 18450 lr=1.87e-04 loss=2.3674 mark=0.6198 time=5.8255 acc1=0.8561
ep 4 step 18500 lr=1.87e-04 loss=2.3653 mark=0.6181 time=5.8242 acc1=0.8566
ep 4 step 18550 lr=1.86e-04 loss=2.3709 mark=0.6198 time=5.8369 acc1=0.8561
ep 4 step 18600 lr=1.86e-04 loss=2.3739 mark=0.6239 time=5.8331 acc1=0.8555
ep 4 step 18650 lr=1.85e-04 loss=2.3728 mark=0.6229 time=5.8331 acc1=0.8555
ep 4 step 18700 lr=1.85e-04 loss=2.3736 mark=0.6228 time=5.8359 acc1=0.8554
ep 4 step 18750 lr=1.84e-04 loss=2.3804 mark=0.6284 time=5.8401 acc1=0.8550
ep 4 step 18800 lr=1.84e-04 loss=2.3797 mark=0.6269 time=5.8424 acc1=0.8551
ep 4 step 18850 lr=1.83e-04 loss=2.3771 mark=0.6253 time=5.8393 acc1=0.8554
ep 4 step 18900 lr=1.83e-04 loss=2.3771 mark=0.6254 time=5.8388 acc1=0.8554
ep 4 step 18950 lr=1.82e-04 loss=2.3772 mark=0.6264 time=5.8360 acc1=0.8551
ep 4 step 19000 lr=1.82e-04 loss=2.3774 mark=0.6275 time=5.8330 acc1=0.8549
ep 4 step 19050 lr=1.81e-04 loss=2.3769 mark=0.6285 time=5.8279 acc1=0.8550
ep 4 step 19100 lr=1.80e-04 loss=2.3763 mark=0.6290 time=5.8245 acc1=0.8555
ep 4 step 19150 lr=1.80e-04 loss=2.3760 mark=0.6292 time=5.8225 acc1=0.8554
ep 4 step 19200 lr=1.79e-04 loss=2.3758 mark=0.6301 time=5.8191 acc1=0.8552
ep 4 step 19250 lr=1.79e-04 loss=2.3772 mark=0.6303 time=5.8230 acc1=0.8549
ep 4 step 19300 lr=1.78e-04 loss=2.3769 mark=0.6300 time=5.8232 acc1=0.8549
ep 4 step 19350 lr=1.78e-04 loss=2.3751 mark=0.6285 time=5.8220 acc1=0.8552
ep 4 step 19400 lr=1.77e-04 loss=2.3752 mark=0.6290 time=5.8206 acc1=0.8553
ep 4 step 19450 lr=1.77e-04 loss=2.3752 mark=0.6279 time=5.8246 acc1=0.8555
ep 4 step 19500 lr=1.76e-04 loss=2.3750 mark=0.6276 time=5.8248 acc1=0.8556
ep 4 step 19550 lr=1.76e-04 loss=2.3739 mark=0.6274 time=5.8218 acc1=0.8559
ep 4 step 19600 lr=1.75e-04 loss=2.3735 mark=0.6265 time=5.8233 acc1=0.8557
ep 4 step 19650 lr=1.74e-04 loss=2.3737 mark=0.6267 time=5.8231 acc1=0.8559
ep 4 step 19700 lr=1.74e-04 loss=2.3731 mark=0.6267 time=5.8214 acc1=0.8558
ep 4 step 19750 lr=1.73e-04 loss=2.3728 mark=0.6262 time=5.8220 acc1=0.8560
ep 4 step 19800 lr=1.73e-04 loss=2.3711 mark=0.6256 time=5.8185 acc1=0.8563
ep 4 step 19850 lr=1.72e-04 loss=2.3709 mark=0.6251 time=5.8191 acc1=0.8563
ep 4 step 19900 lr=1.72e-04 loss=2.3697 mark=0.6247 time=5.8165 acc1=0.8562
ep 4 step 19950 lr=1.71e-04 loss=2.3695 mark=0.6242 time=5.8177 acc1=0.8563
ep 4 step 20000 lr=1.71e-04 loss=2.3690 mark=0.6241 time=5.8163 acc1=0.8561
ep 4 step 20050 lr=1.70e-04 loss=2.3684 mark=0.6239 time=5.8151 acc1=0.8560
ep 4 step 20100 lr=1.70e-04 loss=2.3670 mark=0.6226 time=5.8147 acc1=0.8561
ep 4 step 20150 lr=1.69e-04 loss=2.3670 mark=0.6222 time=5.8159 acc1=0.8563
ep 4 step 20200 lr=1.68e-04 loss=2.3677 mark=0.6220 time=5.8189 acc1=0.8564
ep 4 step 20250 lr=1.68e-04 loss=2.3663 mark=0.6215 time=5.8160 acc1=0.8565
ep 4 step 20300 lr=1.67e-04 loss=2.3661 mark=0.6217 time=5.8147 acc1=0.8564
ep 4 step 20350 lr=1.67e-04 loss=2.3647 mark=0.6205 time=5.8142 acc1=0.8566
ep 4 step 20400 lr=1.66e-04 loss=2.3651 mark=0.6204 time=5.8155 acc1=0.8565
ep 4 step 20450 lr=1.66e-04 loss=2.3651 mark=0.6206 time=5.8148 acc1=0.8562
ep 4 step 20500 lr=1.65e-04 loss=2.3635 mark=0.6199 time=5.8121 acc1=0.8565
ep 4 step 20550 lr=1.65e-04 loss=2.3624 mark=0.6187 time=5.8122 acc1=0.8567
ep 4 step 20600 lr=1.64e-04 loss=2.3624 mark=0.6188 time=5.8121 acc1=0.8566
ep 4 step 20650 lr=1.64e-04 loss=2.3614 mark=0.6180 time=5.8114 acc1=0.8566
ep 4 step 20700 lr=1.63e-04 loss=2.3631 mark=0.6186 time=5.8150 acc1=0.8565
ep 4 step 20750 lr=1.62e-04 loss=2.3627 mark=0.6188 time=5.8129 acc1=0.8563
ep 4 step 20800 lr=1.62e-04 loss=2.3627 mark=0.6193 time=5.8113 acc1=0.8561
ep 4 step 20850 lr=1.61e-04 loss=2.3627 mark=0.6189 time=5.8127 acc1=0.8563
ep 4 step 20900 lr=1.61e-04 loss=2.3630 mark=0.6189 time=5.8137 acc1=0.8562
ep 4 step 20950 lr=1.60e-04 loss=2.3621 mark=0.6183 time=5.8124 acc1=0.8562
ep 4 step 21000 lr=1.60e-04 loss=2.3618 mark=0.6178 time=5.8134 acc1=0.8564
ep 4 step 21050 lr=1.59e-04 loss=2.3622 mark=0.6182 time=5.8135 acc1=0.8564
ep 4 step 21100 lr=1.59e-04 loss=2.3623 mark=0.6179 time=5.8147 acc1=0.8564
ep 4 step 21150 lr=1.58e-04 loss=2.3609 mark=0.6168 time=5.8136 acc1=0.8566
ep 4 step 21200 lr=1.57e-04 loss=2.3599 mark=0.6163 time=5.8118 acc1=0.8567
ep 4 step 21250 lr=1.57e-04 loss=2.3592 mark=0.6159 time=5.8110 acc1=0.8570
ep 4 step 21300 lr=1.56e-04 loss=2.3588 mark=0.6154 time=5.8113 acc1=0.8569
ep 4 step 21350 lr=1.56e-04 loss=2.3580 mark=0.6148 time=5.8106 acc1=0.8568
ep 4 step 21400 lr=1.55e-04 loss=2.3568 mark=0.6139 time=5.8096 acc1=0.8569
ep 4 step 21450 lr=1.55e-04 loss=2.3554 mark=0.6129 time=5.8085 acc1=0.8571
ep 4 step 21500 lr=1.54e-04 loss=2.3552 mark=0.6130 time=5.8072 acc1=0.8570
ep 4 step 21550 lr=1.54e-04 loss=2.3547 mark=0.6125 time=5.8075 acc1=0.8570
ep 4 step 21600 lr=1.53e-04 loss=2.3547 mark=0.6125 time=5.8072 acc1=0.8570
[ep 4] val top1=0.8192 top3=0.9024 top5=0.9229 time_nll=5.8447  (515s)
  -> saved best to m4_runs\v2_all/best.pt
ep 5 step 21650 lr=1.53e-04 loss=2.2834 mark=0.5206 time=5.8759 acc1=0.8688
ep 5 step 21700 lr=1.52e-04 loss=2.2943 mark=0.5240 time=5.9010 acc1=0.8670
ep 5 step 21750 lr=1.51e-04 loss=2.3106 mark=0.5398 time=5.9026 acc1=0.8706
ep 5 step 21800 lr=1.51e-04 loss=2.2793 mark=0.5320 time=5.8244 acc1=0.8737
ep 5 step 21850 lr=1.50e-04 loss=2.2656 mark=0.5248 time=5.8026 acc1=0.8732
ep 5 step 21900 lr=1.50e-04 loss=2.2678 mark=0.5330 time=5.7828 acc1=0.8705
ep 5 step 21950 lr=1.49e-04 loss=2.2716 mark=0.5401 time=5.7717 acc1=0.8710
ep 5 step 22000 lr=1.49e-04 loss=2.2865 mark=0.5502 time=5.7874 acc1=0.8695
ep 5 step 22050 lr=1.48e-04 loss=2.2987 mark=0.5647 time=5.7801 acc1=0.8672
ep 5 step 22100 lr=1.48e-04 loss=2.2988 mark=0.5690 time=5.7663 acc1=0.8675
ep 5 step 22150 lr=1.47e-04 loss=2.3085 mark=0.5719 time=5.7887 acc1=0.8669
ep 5 step 22200 lr=1.46e-04 loss=2.3073 mark=0.5725 time=5.7828 acc1=0.8662
ep 5 step 22250 lr=1.46e-04 loss=2.3064 mark=0.5749 time=5.7715 acc1=0.8660
ep 5 step 22300 lr=1.45e-04 loss=2.3084 mark=0.5774 time=5.7701 acc1=0.8658
ep 5 step 22350 lr=1.45e-04 loss=2.3091 mark=0.5812 time=5.7598 acc1=0.8646
ep 5 step 22400 lr=1.44e-04 loss=2.3057 mark=0.5788 time=5.7564 acc1=0.8645
ep 5 step 22450 lr=1.44e-04 loss=2.3063 mark=0.5788 time=5.7583 acc1=0.8644
ep 5 step 22500 lr=1.43e-04 loss=2.3066 mark=0.5787 time=5.7597 acc1=0.8643
ep 5 step 22550 lr=1.43e-04 loss=2.3038 mark=0.5755 time=5.7610 acc1=0.8647
ep 5 step 22600 lr=1.42e-04 loss=2.3019 mark=0.5749 time=5.7567 acc1=0.8642
ep 5 step 22650 lr=1.42e-04 loss=2.3047 mark=0.5754 time=5.7646 acc1=0.8640
ep 5 step 22700 lr=1.41e-04 loss=2.3044 mark=0.5741 time=5.7676 acc1=0.8643
ep 5 step 22750 lr=1.40e-04 loss=2.3008 mark=0.5697 time=5.7703 acc1=0.8651
ep 5 step 22800 lr=1.40e-04 loss=2.2976 mark=0.5679 time=5.7655 acc1=0.8655
ep 5 step 22850 lr=1.39e-04 loss=2.2984 mark=0.5675 time=5.7695 acc1=0.8658
ep 5 step 22900 lr=1.39e-04 loss=2.2954 mark=0.5659 time=5.7650 acc1=0.8661
ep 5 step 22950 lr=1.38e-04 loss=2.2932 mark=0.5651 time=5.7605 acc1=0.8666
ep 5 step 23000 lr=1.38e-04 loss=2.2969 mark=0.5685 time=5.7610 acc1=0.8660
ep 5 step 23050 lr=1.37e-04 loss=2.2916 mark=0.5656 time=5.7535 acc1=0.8665
ep 5 step 23100 lr=1.37e-04 loss=2.2908 mark=0.5647 time=5.7537 acc1=0.8666
ep 5 step 23150 lr=1.36e-04 loss=2.2927 mark=0.5655 time=5.7571 acc1=0.8663
ep 5 step 23200 lr=1.35e-04 loss=2.2933 mark=0.5652 time=5.7602 acc1=0.8665
ep 5 step 23250 lr=1.35e-04 loss=2.2924 mark=0.5632 time=5.7641 acc1=0.8669
ep 5 step 23300 lr=1.34e-04 loss=2.2936 mark=0.5647 time=5.7630 acc1=0.8668
ep 5 step 23350 lr=1.34e-04 loss=2.2936 mark=0.5648 time=5.7629 acc1=0.8666
ep 5 step 23400 lr=1.33e-04 loss=2.2919 mark=0.5634 time=5.7615 acc1=0.8665
ep 5 step 23450 lr=1.33e-04 loss=2.2951 mark=0.5659 time=5.7642 acc1=0.8659
ep 5 step 23500 lr=1.32e-04 loss=2.2942 mark=0.5641 time=5.7667 acc1=0.8663
ep 5 step 23550 lr=1.32e-04 loss=2.2936 mark=0.5650 time=5.7619 acc1=0.8664
ep 5 step 23600 lr=1.31e-04 loss=2.2920 mark=0.5632 time=5.7627 acc1=0.8666
ep 5 step 23650 lr=1.31e-04 loss=2.2911 mark=0.5616 time=5.7651 acc1=0.8665
ep 5 step 23700 lr=1.30e-04 loss=2.2917 mark=0.5620 time=5.7658 acc1=0.8665
ep 5 step 23750 lr=1.29e-04 loss=2.2906 mark=0.5604 time=5.7675 acc1=0.8667
ep 5 step 23800 lr=1.29e-04 loss=2.2892 mark=0.5595 time=5.7654 acc1=0.8671
ep 5 step 23850 lr=1.28e-04 loss=2.2884 mark=0.5589 time=5.7648 acc1=0.8675
ep 5 step 23900 lr=1.28e-04 loss=2.2883 mark=0.5592 time=5.7636 acc1=0.8674
ep 5 step 23950 lr=1.27e-04 loss=2.2892 mark=0.5602 time=5.7634 acc1=0.8673
ep 5 step 24000 lr=1.27e-04 loss=2.2899 mark=0.5601 time=5.7661 acc1=0.8676
ep 5 step 24050 lr=1.26e-04 loss=2.2877 mark=0.5592 time=5.7617 acc1=0.8675
ep 5 step 24100 lr=1.26e-04 loss=2.2879 mark=0.5601 time=5.7591 acc1=0.8675
ep 5 step 24150 lr=1.25e-04 loss=2.2877 mark=0.5606 time=5.7571 acc1=0.8674
ep 5 step 24200 lr=1.25e-04 loss=2.2869 mark=0.5603 time=5.7555 acc1=0.8675
ep 5 step 24250 lr=1.24e-04 loss=2.2886 mark=0.5617 time=5.7564 acc1=0.8673
ep 5 step 24300 lr=1.23e-04 loss=2.2885 mark=0.5619 time=5.7555 acc1=0.8674
ep 5 step 24350 lr=1.23e-04 loss=2.2900 mark=0.5638 time=5.7542 acc1=0.8672
ep 5 step 24400 lr=1.22e-04 loss=2.2888 mark=0.5633 time=5.7517 acc1=0.8672
ep 5 step 24450 lr=1.22e-04 loss=2.2875 mark=0.5628 time=5.7491 acc1=0.8675
ep 5 step 24500 lr=1.21e-04 loss=2.2877 mark=0.5629 time=5.7494 acc1=0.8676
ep 5 step 24550 lr=1.21e-04 loss=2.2872 mark=0.5622 time=5.7499 acc1=0.8676
ep 5 step 24600 lr=1.20e-04 loss=2.2865 mark=0.5621 time=5.7481 acc1=0.8678
ep 5 step 24650 lr=1.20e-04 loss=2.2880 mark=0.5634 time=5.7485 acc1=0.8676
ep 5 step 24700 lr=1.19e-04 loss=2.2862 mark=0.5622 time=5.7465 acc1=0.8677
ep 5 step 24750 lr=1.19e-04 loss=2.2851 mark=0.5613 time=5.7458 acc1=0.8678
ep 5 step 24800 lr=1.18e-04 loss=2.2832 mark=0.5600 time=5.7438 acc1=0.8680
ep 5 step 24850 lr=1.18e-04 loss=2.2829 mark=0.5597 time=5.7440 acc1=0.8682
ep 5 step 24900 lr=1.17e-04 loss=2.2825 mark=0.5596 time=5.7431 acc1=0.8681
ep 5 step 24950 lr=1.16e-04 loss=2.2822 mark=0.5595 time=5.7424 acc1=0.8682
ep 5 step 25000 lr=1.16e-04 loss=2.2831 mark=0.5605 time=5.7419 acc1=0.8679
ep 5 step 25050 lr=1.15e-04 loss=2.2843 mark=0.5614 time=5.7430 acc1=0.8677
ep 5 step 25100 lr=1.15e-04 loss=2.2848 mark=0.5618 time=5.7433 acc1=0.8676
ep 5 step 25150 lr=1.14e-04 loss=2.2846 mark=0.5621 time=5.7416 acc1=0.8677
ep 5 step 25200 lr=1.14e-04 loss=2.2853 mark=0.5621 time=5.7437 acc1=0.8678
ep 5 step 25250 lr=1.13e-04 loss=2.2847 mark=0.5619 time=5.7425 acc1=0.8679
ep 5 step 25300 lr=1.13e-04 loss=2.2854 mark=0.5620 time=5.7448 acc1=0.8678
ep 5 step 25350 lr=1.12e-04 loss=2.2855 mark=0.5619 time=5.7453 acc1=0.8676
ep 5 step 25400 lr=1.12e-04 loss=2.2851 mark=0.5617 time=5.7449 acc1=0.8678
ep 5 step 25450 lr=1.11e-04 loss=2.2854 mark=0.5617 time=5.7458 acc1=0.8678
ep 5 step 25500 lr=1.11e-04 loss=2.2846 mark=0.5611 time=5.7451 acc1=0.8679
ep 5 step 25550 lr=1.10e-04 loss=2.2837 mark=0.5602 time=5.7451 acc1=0.8682
ep 5 step 25600 lr=1.10e-04 loss=2.2840 mark=0.5604 time=5.7454 acc1=0.8680
ep 5 step 25650 lr=1.09e-04 loss=2.2835 mark=0.5606 time=5.7432 acc1=0.8680
ep 5 step 25700 lr=1.08e-04 loss=2.2836 mark=0.5605 time=5.7437 acc1=0.8680
ep 5 step 25750 lr=1.08e-04 loss=2.2838 mark=0.5604 time=5.7444 acc1=0.8680
ep 5 step 25800 lr=1.07e-04 loss=2.2838 mark=0.5605 time=5.7445 acc1=0.8680
ep 5 step 25850 lr=1.07e-04 loss=2.2837 mark=0.5606 time=5.7435 acc1=0.8679
ep 5 step 25900 lr=1.06e-04 loss=2.2834 mark=0.5603 time=5.7436 acc1=0.8680
ep 5 step 25950 lr=1.06e-04 loss=2.2823 mark=0.5599 time=5.7411 acc1=0.8680
[ep 5] val top1=0.8253 top3=0.9066 top5=0.9248 time_nll=5.8599  (469s)
  -> saved best to m4_runs\v2_all/best.pt
ep 6 step 26000 lr=1.05e-04 loss=2.2615 mark=0.4961 time=5.8848 acc1=0.8729
ep 6 step 26050 lr=1.05e-04 loss=2.1953 mark=0.4797 time=5.7186 acc1=0.8747
ep 6 step 26100 lr=1.04e-04 loss=2.2021 mark=0.4744 time=5.7591 acc1=0.8809
ep 6 step 26150 lr=1.04e-04 loss=2.2111 mark=0.4929 time=5.7272 acc1=0.8789
ep 6 step 26200 lr=1.03e-04 loss=2.2008 mark=0.4909 time=5.6995 acc1=0.8797
ep 6 step 26250 lr=1.03e-04 loss=2.1937 mark=0.4874 time=5.6874 acc1=0.8803
ep 6 step 26300 lr=1.02e-04 loss=2.2075 mark=0.4957 time=5.7060 acc1=0.8814
ep 6 step 26350 lr=1.02e-04 loss=2.2242 mark=0.5110 time=5.7107 acc1=0.8778
ep 6 step 26400 lr=1.01e-04 loss=2.2329 mark=0.5171 time=5.7195 acc1=0.8771
ep 6 step 26450 lr=1.01e-04 loss=2.2381 mark=0.5186 time=5.7318 acc1=0.8769
ep 6 step 26500 lr=1.00e-04 loss=2.2405 mark=0.5223 time=5.7272 acc1=0.8757
ep 6 step 26550 lr=9.95e-05 loss=2.2425 mark=0.5236 time=5.7299 acc1=0.8763
ep 6 step 26600 lr=9.90e-05 loss=2.2394 mark=0.5242 time=5.7173 acc1=0.8769
ep 6 step 26650 lr=9.85e-05 loss=2.2409 mark=0.5250 time=5.7194 acc1=0.8762
ep 6 step 26700 lr=9.80e-05 loss=2.2414 mark=0.5260 time=5.7181 acc1=0.8760
ep 6 step 26750 lr=9.75e-05 loss=2.2353 mark=0.5208 time=5.7149 acc1=0.8772
ep 6 step 26800 lr=9.70e-05 loss=2.2329 mark=0.5213 time=5.7055 acc1=0.8761
ep 6 step 26850 lr=9.64e-05 loss=2.2307 mark=0.5203 time=5.7015 acc1=0.8765
ep 6 step 26900 lr=9.59e-05 loss=2.2333 mark=0.5238 time=5.6984 acc1=0.8758
ep 6 step 26950 lr=9.54e-05 loss=2.2319 mark=0.5243 time=5.6919 acc1=0.8761
ep 6 step 27000 lr=9.49e-05 loss=2.2335 mark=0.5255 time=5.6934 acc1=0.8759
ep 6 step 27050 lr=9.44e-05 loss=2.2315 mark=0.5236 time=5.6930 acc1=0.8758
ep 6 step 27100 lr=9.39e-05 loss=2.2326 mark=0.5248 time=5.6926 acc1=0.8759
ep 6 step 27150 lr=9.34e-05 loss=2.2315 mark=0.5247 time=5.6895 acc1=0.8754
ep 6 step 27200 lr=9.29e-05 loss=2.2298 mark=0.5232 time=5.6885 acc1=0.8755
ep 6 step 27250 lr=9.23e-05 loss=2.2263 mark=0.5221 time=5.6804 acc1=0.8756
ep 6 step 27300 lr=9.18e-05 loss=2.2263 mark=0.5223 time=5.6800 acc1=0.8759
ep 6 step 27350 lr=9.13e-05 loss=2.2265 mark=0.5221 time=5.6812 acc1=0.8757
ep 6 step 27400 lr=9.08e-05 loss=2.2249 mark=0.5208 time=5.6803 acc1=0.8758
ep 6 step 27450 lr=9.03e-05 loss=2.2253 mark=0.5202 time=5.6836 acc1=0.8756
ep 6 step 27500 lr=8.98e-05 loss=2.2277 mark=0.5238 time=5.6794 acc1=0.8752
ep 6 step 27550 lr=8.93e-05 loss=2.2285 mark=0.5246 time=5.6796 acc1=0.8754
ep 6 step 27600 lr=8.88e-05 loss=2.2293 mark=0.5259 time=5.6782 acc1=0.8753
ep 6 step 27650 lr=8.83e-05 loss=2.2264 mark=0.5234 time=5.6767 acc1=0.8758
ep 6 step 27700 lr=8.78e-05 loss=2.2266 mark=0.5223 time=5.6811 acc1=0.8757
ep 6 step 27750 lr=8.73e-05 loss=2.2277 mark=0.5236 time=5.6801 acc1=0.8756
ep 6 step 27800 lr=8.68e-05 loss=2.2275 mark=0.5227 time=5.6827 acc1=0.8756
ep 6 step 27850 lr=8.63e-05 loss=2.2257 mark=0.5218 time=5.6796 acc1=0.8762
ep 6 step 27900 lr=8.58e-05 loss=2.2278 mark=0.5225 time=5.6844 acc1=0.8763
ep 6 step 27950 lr=8.53e-05 loss=2.2295 mark=0.5240 time=5.6852 acc1=0.8761
ep 6 step 28000 lr=8.48e-05 loss=2.2289 mark=0.5228 time=5.6868 acc1=0.8764
ep 6 step 28050 lr=8.43e-05 loss=2.2278 mark=0.5216 time=5.6872 acc1=0.8765
ep 6 step 28100 lr=8.38e-05 loss=2.2308 mark=0.5239 time=5.6896 acc1=0.8762
ep 6 step 28150 lr=8.33e-05 loss=2.2300 mark=0.5221 time=5.6929 acc1=0.8765
ep 6 step 28200 lr=8.28e-05 loss=2.2279 mark=0.5206 time=5.6910 acc1=0.8766
ep 6 step 28250 lr=8.23e-05 loss=2.2285 mark=0.5211 time=5.6911 acc1=0.8762
ep 6 step 28300 lr=8.18e-05 loss=2.2295 mark=0.5214 time=5.6937 acc1=0.8761
ep 6 step 28350 lr=8.14e-05 loss=2.2284 mark=0.5207 time=5.6924 acc1=0.8762
ep 6 step 28400 lr=8.09e-05 loss=2.2282 mark=0.5206 time=5.6917 acc1=0.8762
ep 6 step 28450 lr=8.04e-05 loss=2.2272 mark=0.5210 time=5.6873 acc1=0.8762
ep 6 step 28500 lr=7.99e-05 loss=2.2263 mark=0.5204 time=5.6866 acc1=0.8765
ep 6 step 28550 lr=7.94e-05 loss=2.2263 mark=0.5196 time=5.6889 acc1=0.8768
ep 6 step 28600 lr=7.89e-05 loss=2.2261 mark=0.5193 time=5.6892 acc1=0.8767
ep 6 step 28650 lr=7.84e-05 loss=2.2267 mark=0.5196 time=5.6903 acc1=0.8767
ep 6 step 28700 lr=7.79e-05 loss=2.2272 mark=0.5205 time=5.6890 acc1=0.8765
ep 6 step 28750 lr=7.75e-05 loss=2.2261 mark=0.5200 time=5.6870 acc1=0.8766
ep 6 step 28800 lr=7.70e-05 loss=2.2243 mark=0.5195 time=5.6827 acc1=0.8767
ep 6 step 28850 lr=7.65e-05 loss=2.2246 mark=0.5196 time=5.6834 acc1=0.8766
ep 6 step 28900 lr=7.60e-05 loss=2.2268 mark=0.5209 time=5.6863 acc1=0.8766
ep 6 step 28950 lr=7.55e-05 loss=2.2253 mark=0.5195 time=5.6860 acc1=0.8767
ep 6 step 29000 lr=7.51e-05 loss=2.2254 mark=0.5197 time=5.6859 acc1=0.8766
ep 6 step 29050 lr=7.46e-05 loss=2.2254 mark=0.5195 time=5.6862 acc1=0.8766
ep 6 step 29100 lr=7.41e-05 loss=2.2243 mark=0.5182 time=5.6869 acc1=0.8768
ep 6 step 29150 lr=7.36e-05 loss=2.2234 mark=0.5174 time=5.6868 acc1=0.8770
ep 6 step 29200 lr=7.32e-05 loss=2.2226 mark=0.5168 time=5.6859 acc1=0.8771
ep 6 step 29250 lr=7.27e-05 loss=2.2219 mark=0.5163 time=5.6854 acc1=0.8772
ep 6 step 29300 lr=7.22e-05 loss=2.2212 mark=0.5161 time=5.6836 acc1=0.8772
ep 6 step 29350 lr=7.17e-05 loss=2.2215 mark=0.5158 time=5.6856 acc1=0.8773
ep 6 step 29400 lr=7.13e-05 loss=2.2210 mark=0.5154 time=5.6854 acc1=0.8773
ep 6 step 29450 lr=7.08e-05 loss=2.2207 mark=0.5149 time=5.6857 acc1=0.8773
ep 6 step 29500 lr=7.03e-05 loss=2.2195 mark=0.5143 time=5.6841 acc1=0.8774
ep 6 step 29550 lr=6.99e-05 loss=2.2196 mark=0.5141 time=5.6849 acc1=0.8775
ep 6 step 29600 lr=6.94e-05 loss=2.2193 mark=0.5139 time=5.6846 acc1=0.8776
ep 6 step 29650 lr=6.89e-05 loss=2.2191 mark=0.5138 time=5.6843 acc1=0.8776
ep 6 step 29700 lr=6.85e-05 loss=2.2204 mark=0.5146 time=5.6861 acc1=0.8777
ep 6 step 29750 lr=6.80e-05 loss=2.2200 mark=0.5140 time=5.6867 acc1=0.8776
ep 6 step 29800 lr=6.76e-05 loss=2.2192 mark=0.5139 time=5.6843 acc1=0.8776
ep 6 step 29850 lr=6.71e-05 loss=2.2184 mark=0.5136 time=5.6827 acc1=0.8777
ep 6 step 29900 lr=6.66e-05 loss=2.2188 mark=0.5133 time=5.6851 acc1=0.8778
ep 6 step 29950 lr=6.62e-05 loss=2.2182 mark=0.5129 time=5.6842 acc1=0.8779
ep 6 step 30000 lr=6.57e-05 loss=2.2177 mark=0.5122 time=5.6849 acc1=0.8779
ep 6 step 30050 lr=6.53e-05 loss=2.2169 mark=0.5118 time=5.6837 acc1=0.8781
ep 6 step 30100 lr=6.48e-05 loss=2.2162 mark=0.5115 time=5.6823 acc1=0.8780
ep 6 step 30150 lr=6.44e-05 loss=2.2163 mark=0.5118 time=5.6818 acc1=0.8780
ep 6 step 30200 lr=6.39e-05 loss=2.2176 mark=0.5128 time=5.6825 acc1=0.8778
ep 6 step 30250 lr=6.35e-05 loss=2.2176 mark=0.5129 time=5.6822 acc1=0.8778
[ep 6] val top1=0.8318 top3=0.9086 top5=0.9275 time_nll=5.8610  (461s)
  -> saved best to m4_runs\v2_all/best.pt
ep 7 step 30300 lr=6.30e-05 loss=2.2037 mark=0.4671 time=5.7885 acc1=0.8924
ep 7 step 30350 lr=6.26e-05 loss=2.1586 mark=0.4493 time=5.6976 acc1=0.8906
ep 7 step 30400 lr=6.21e-05 loss=2.1818 mark=0.4597 time=5.7405 acc1=0.8851
ep 7 step 30450 lr=6.17e-05 loss=2.2008 mark=0.4822 time=5.7289 acc1=0.8836
ep 7 step 30500 lr=6.12e-05 loss=2.2151 mark=0.4987 time=5.7215 acc1=0.8817
ep 7 step 30550 lr=6.08e-05 loss=2.2026 mark=0.4897 time=5.7098 acc1=0.8832
ep 7 step 30600 lr=6.03e-05 loss=2.2042 mark=0.4928 time=5.7048 acc1=0.8814
ep 7 step 30650 lr=5.99e-05 loss=2.2017 mark=0.4883 time=5.7112 acc1=0.8818
ep 7 step 30700 lr=5.95e-05 loss=2.2025 mark=0.4912 time=5.7043 acc1=0.8816
ep 7 step 30750 lr=5.90e-05 loss=2.2039 mark=0.4949 time=5.6969 acc1=0.8822
ep 7 step 30800 lr=5.86e-05 loss=2.1990 mark=0.4914 time=5.6921 acc1=0.8819
ep 7 step 30850 lr=5.81e-05 loss=2.1921 mark=0.4854 time=5.6891 acc1=0.8828
ep 7 step 30900 lr=5.77e-05 loss=2.1889 mark=0.4846 time=5.6809 acc1=0.8825
ep 7 step 30950 lr=5.73e-05 loss=2.1934 mark=0.4873 time=5.6870 acc1=0.8823
ep 7 step 31000 lr=5.68e-05 loss=2.1957 mark=0.4888 time=5.6895 acc1=0.8818
ep 7 step 31050 lr=5.64e-05 loss=2.1866 mark=0.4832 time=5.6779 acc1=0.8829
ep 7 step 31100 lr=5.60e-05 loss=2.1838 mark=0.4818 time=5.6734 acc1=0.8836
ep 7 step 31150 lr=5.56e-05 loss=2.1816 mark=0.4813 time=5.6676 acc1=0.8839
ep 7 step 31200 lr=5.51e-05 loss=2.1811 mark=0.4805 time=5.6685 acc1=0.8842
ep 7 step 31250 lr=5.47e-05 loss=2.1734 mark=0.4757 time=5.6589 acc1=0.8853
ep 7 step 31300 lr=5.43e-05 loss=2.1714 mark=0.4760 time=5.6515 acc1=0.8853
ep 7 step 31350 lr=5.39e-05 loss=2.1729 mark=0.4762 time=5.6555 acc1=0.8852
ep 7 step 31400 lr=5.34e-05 loss=2.1691 mark=0.4737 time=5.6513 acc1=0.8854
ep 7 step 31450 lr=5.30e-05 loss=2.1703 mark=0.4743 time=5.6533 acc1=0.8855
ep 7 step 31500 lr=5.26e-05 loss=2.1714 mark=0.4736 time=5.6595 acc1=0.8862
ep 7 step 31550 lr=5.22e-05 loss=2.1722 mark=0.4747 time=5.6583 acc1=0.8861
ep 7 step 31600 lr=5.18e-05 loss=2.1712 mark=0.4746 time=5.6553 acc1=0.8860
ep 7 step 31650 lr=5.13e-05 loss=2.1729 mark=0.4757 time=5.6573 acc1=0.8860
ep 7 step 31700 lr=5.09e-05 loss=2.1705 mark=0.4748 time=5.6521 acc1=0.8860
ep 7 step 31750 lr=5.05e-05 loss=2.1709 mark=0.4756 time=5.6508 acc1=0.8860
ep 7 step 31800 lr=5.01e-05 loss=2.1680 mark=0.4753 time=5.6426 acc1=0.8859
ep 7 step 31850 lr=4.97e-05 loss=2.1677 mark=0.4748 time=5.6428 acc1=0.8861
ep 7 step 31900 lr=4.93e-05 loss=2.1703 mark=0.4763 time=5.6468 acc1=0.8859
ep 7 step 31950 lr=4.89e-05 loss=2.1724 mark=0.4760 time=5.6546 acc1=0.8859
ep 7 step 32000 lr=4.85e-05 loss=2.1729 mark=0.4771 time=5.6528 acc1=0.8858
ep 7 step 32050 lr=4.81e-05 loss=2.1746 mark=0.4779 time=5.6556 acc1=0.8856
ep 7 step 32100 lr=4.77e-05 loss=2.1733 mark=0.4773 time=5.6534 acc1=0.8856
ep 7 step 32150 lr=4.73e-05 loss=2.1726 mark=0.4765 time=5.6536 acc1=0.8854
ep 7 step 32200 lr=4.69e-05 loss=2.1724 mark=0.4764 time=5.6534 acc1=0.8856
ep 7 step 32250 lr=4.65e-05 loss=2.1753 mark=0.4785 time=5.6558 acc1=0.8852
ep 7 step 32300 lr=4.61e-05 loss=2.1746 mark=0.4772 time=5.6580 acc1=0.8854
ep 7 step 32350 lr=4.57e-05 loss=2.1748 mark=0.4780 time=5.6561 acc1=0.8852
ep 7 step 32400 lr=4.53e-05 loss=2.1741 mark=0.4772 time=5.6562 acc1=0.8852
ep 7 step 32450 lr=4.49e-05 loss=2.1741 mark=0.4783 time=5.6528 acc1=0.8850
ep 7 step 32500 lr=4.45e-05 loss=2.1736 mark=0.4777 time=5.6528 acc1=0.8850
ep 7 step 32550 lr=4.41e-05 loss=2.1728 mark=0.4772 time=5.6519 acc1=0.8851
ep 7 step 32600 lr=4.37e-05 loss=2.1743 mark=0.4783 time=5.6533 acc1=0.8847
ep 7 step 32650 lr=4.33e-05 loss=2.1738 mark=0.4781 time=5.6523 acc1=0.8847
ep 7 step 32700 lr=4.29e-05 loss=2.1725 mark=0.4770 time=5.6516 acc1=0.8847
ep 7 step 32750 lr=4.25e-05 loss=2.1721 mark=0.4767 time=5.6513 acc1=0.8846
ep 7 step 32800 lr=4.22e-05 loss=2.1711 mark=0.4767 time=5.6480 acc1=0.8847
ep 7 step 32850 lr=4.18e-05 loss=2.1713 mark=0.4772 time=5.6469 acc1=0.8847
ep 7 step 32900 lr=4.14e-05 loss=2.1712 mark=0.4776 time=5.6452 acc1=0.8845
ep 7 step 32950 lr=4.10e-05 loss=2.1711 mark=0.4779 time=5.6440 acc1=0.8846
ep 7 step 33000 lr=4.06e-05 loss=2.1698 mark=0.4774 time=5.6415 acc1=0.8848
ep 7 step 33050 lr=4.03e-05 loss=2.1696 mark=0.4768 time=5.6427 acc1=0.8849
ep 7 step 33100 lr=3.99e-05 loss=2.1701 mark=0.4774 time=5.6425 acc1=0.8848
ep 7 step 33150 lr=3.95e-05 loss=2.1698 mark=0.4771 time=5.6422 acc1=0.8849
ep 7 step 33200 lr=3.91e-05 loss=2.1700 mark=0.4774 time=5.6420 acc1=0.8849
ep 7 step 33250 lr=3.88e-05 loss=2.1705 mark=0.4773 time=5.6441 acc1=0.8848
ep 7 step 33300 lr=3.84e-05 loss=2.1694 mark=0.4766 time=5.6425 acc1=0.8851
ep 7 step 33350 lr=3.80e-05 loss=2.1699 mark=0.4771 time=5.6425 acc1=0.8851
ep 7 step 33400 lr=3.77e-05 loss=2.1695 mark=0.4768 time=5.6425 acc1=0.8853
ep 7 step 33450 lr=3.73e-05 loss=2.1691 mark=0.4768 time=5.6410 acc1=0.8853
ep 7 step 33500 lr=3.69e-05 loss=2.1698 mark=0.4771 time=5.6423 acc1=0.8854
ep 7 step 33550 lr=3.66e-05 loss=2.1693 mark=0.4765 time=5.6425 acc1=0.8854
ep 7 step 33600 lr=3.62e-05 loss=2.1695 mark=0.4766 time=5.6430 acc1=0.8853
ep 7 step 33650 lr=3.59e-05 loss=2.1701 mark=0.4768 time=5.6441 acc1=0.8852
ep 7 step 33700 lr=3.55e-05 loss=2.1688 mark=0.4764 time=5.6414 acc1=0.8852
ep 7 step 33750 lr=3.51e-05 loss=2.1701 mark=0.4773 time=5.6426 acc1=0.8850
ep 7 step 33800 lr=3.48e-05 loss=2.1710 mark=0.4778 time=5.6442 acc1=0.8849
ep 7 step 33850 lr=3.44e-05 loss=2.1724 mark=0.4784 time=5.6468 acc1=0.8848
ep 7 step 33900 lr=3.41e-05 loss=2.1721 mark=0.4782 time=5.6463 acc1=0.8849
ep 7 step 33950 lr=3.37e-05 loss=2.1714 mark=0.4782 time=5.6441 acc1=0.8849
ep 7 step 34000 lr=3.34e-05 loss=2.1735 mark=0.4793 time=5.6473 acc1=0.8846
ep 7 step 34050 lr=3.30e-05 loss=2.1737 mark=0.4795 time=5.6472 acc1=0.8847
ep 7 step 34100 lr=3.27e-05 loss=2.1730 mark=0.4794 time=5.6453 acc1=0.8847
ep 7 step 34150 lr=3.24e-05 loss=2.1719 mark=0.4790 time=5.6431 acc1=0.8847
ep 7 step 34200 lr=3.20e-05 loss=2.1720 mark=0.4793 time=5.6422 acc1=0.8845
ep 7 step 34250 lr=3.17e-05 loss=2.1717 mark=0.4792 time=5.6415 acc1=0.8846
ep 7 step 34300 lr=3.13e-05 loss=2.1719 mark=0.4791 time=5.6426 acc1=0.8845
ep 7 step 34350 lr=3.10e-05 loss=2.1718 mark=0.4796 time=5.6404 acc1=0.8843
ep 7 step 34400 lr=3.07e-05 loss=2.1718 mark=0.4794 time=5.6411 acc1=0.8844
ep 7 step 34450 lr=3.03e-05 loss=2.1715 mark=0.4797 time=5.6395 acc1=0.8844
ep 7 step 34500 lr=3.00e-05 loss=2.1708 mark=0.4794 time=5.6379 acc1=0.8844
ep 7 step 34550 lr=2.97e-05 loss=2.1709 mark=0.4794 time=5.6382 acc1=0.8844
ep 7 step 34600 lr=2.94e-05 loss=2.1703 mark=0.4787 time=5.6387 acc1=0.8845
[ep 7] val top1=0.8352 top3=0.9120 top5=0.9287 time_nll=5.8004  (480s)
  -> saved best to m4_runs\v2_all/best.pt
ep 8 step 34650 lr=2.90e-05 loss=2.1958 mark=0.4576 time=5.7943 acc1=0.8824
ep 8 step 34700 lr=2.87e-05 loss=2.1579 mark=0.4467 time=5.7037 acc1=0.8893
ep 8 step 34750 lr=2.84e-05 loss=2.1606 mark=0.4476 time=5.7100 acc1=0.8884
ep 8 step 34800 lr=2.81e-05 loss=2.1681 mark=0.4508 time=5.7243 acc1=0.8867
ep 8 step 34850 lr=2.77e-05 loss=2.1557 mark=0.4546 time=5.6701 acc1=0.8864
ep 8 step 34900 lr=2.74e-05 loss=2.1468 mark=0.4462 time=5.6688 acc1=0.8882
ep 8 step 34950 lr=2.71e-05 loss=2.1418 mark=0.4408 time=5.6701 acc1=0.8879
ep 8 step 35000 lr=2.68e-05 loss=2.1433 mark=0.4447 time=5.6621 acc1=0.8869
ep 8 step 35050 lr=2.65e-05 loss=2.1440 mark=0.4445 time=5.6649 acc1=0.8875
ep 8 step 35100 lr=2.62e-05 loss=2.1484 mark=0.4494 time=5.6632 acc1=0.8878
ep 8 step 35150 lr=2.58e-05 loss=2.1400 mark=0.4455 time=5.6482 acc1=0.8875
ep 8 step 35200 lr=2.55e-05 loss=2.1398 mark=0.4452 time=5.6488 acc1=0.8872
ep 8 step 35250 lr=2.52e-05 loss=2.1341 mark=0.4429 time=5.6372 acc1=0.8881
ep 8 step 35300 lr=2.49e-05 loss=2.1355 mark=0.4453 time=5.6339 acc1=0.8881
ep 8 step 35350 lr=2.46e-05 loss=2.1406 mark=0.4483 time=5.6408 acc1=0.8872
ep 8 step 35400 lr=2.43e-05 loss=2.1410 mark=0.4484 time=5.6419 acc1=0.8872
ep 8 step 35450 lr=2.40e-05 loss=2.1348 mark=0.4461 time=5.6289 acc1=0.8880
ep 8 step 35500 lr=2.37e-05 loss=2.1313 mark=0.4440 time=5.6243 acc1=0.8890
ep 8 step 35550 lr=2.34e-05 loss=2.1305 mark=0.4444 time=5.6203 acc1=0.8886
ep 8 step 35600 lr=2.31e-05 loss=2.1326 mark=0.4448 time=5.6259 acc1=0.8888
ep 8 step 35650 lr=2.28e-05 loss=2.1323 mark=0.4452 time=5.6236 acc1=0.8889
ep 8 step 35700 lr=2.25e-05 loss=2.1291 mark=0.4426 time=5.6217 acc1=0.8894
ep 8 step 35750 lr=2.23e-05 loss=2.1274 mark=0.4418 time=5.6185 acc1=0.8894
ep 8 step 35800 lr=2.20e-05 loss=2.1288 mark=0.4429 time=5.6196 acc1=0.8893
ep 8 step 35850 lr=2.17e-05 loss=2.1316 mark=0.4458 time=5.6192 acc1=0.8888
ep 8 step 35900 lr=2.14e-05 loss=2.1308 mark=0.4446 time=5.6205 acc1=0.8895
ep 8 step 35950 lr=2.11e-05 loss=2.1269 mark=0.4432 time=5.6123 acc1=0.8898
ep 8 step 36000 lr=2.08e-05 loss=2.1280 mark=0.4427 time=5.6177 acc1=0.8897
ep 8 step 36050 lr=2.06e-05 loss=2.1293 mark=0.4440 time=5.6177 acc1=0.8899
ep 8 step 36100 lr=2.03e-05 loss=2.1252 mark=0.4416 time=5.6119 acc1=0.8901
ep 8 step 36150 lr=2.00e-05 loss=2.1269 mark=0.4444 time=5.6085 acc1=0.8899
ep 8 step 36200 lr=1.97e-05 loss=2.1270 mark=0.4434 time=5.6121 acc1=0.8900
ep 8 step 36250 lr=1.95e-05 loss=2.1278 mark=0.4439 time=5.6131 acc1=0.8899
ep 8 step 36300 lr=1.92e-05 loss=2.1283 mark=0.4451 time=5.6108 acc1=0.8897
ep 8 step 36350 lr=1.89e-05 loss=2.1328 mark=0.4474 time=5.6180 acc1=0.8896
ep 8 step 36400 lr=1.87e-05 loss=2.1309 mark=0.4468 time=5.6137 acc1=0.8896
ep 8 step 36450 lr=1.84e-05 loss=2.1317 mark=0.4475 time=5.6140 acc1=0.8894
ep 8 step 36500 lr=1.81e-05 loss=2.1323 mark=0.4483 time=5.6135 acc1=0.8893
ep 8 step 36550 lr=1.79e-05 loss=2.1325 mark=0.4480 time=5.6148 acc1=0.8894
ep 8 step 36600 lr=1.76e-05 loss=2.1328 mark=0.4479 time=5.6166 acc1=0.8894
ep 8 step 36650 lr=1.73e-05 loss=2.1340 mark=0.4498 time=5.6140 acc1=0.8894
ep 8 step 36700 lr=1.71e-05 loss=2.1355 mark=0.4503 time=5.6173 acc1=0.8895
ep 8 step 36750 lr=1.68e-05 loss=2.1367 mark=0.4501 time=5.6219 acc1=0.8895
ep 8 step 36800 lr=1.66e-05 loss=2.1358 mark=0.4491 time=5.6222 acc1=0.8897
ep 8 step 36850 lr=1.63e-05 loss=2.1363 mark=0.4491 time=5.6240 acc1=0.8896
ep 8 step 36900 lr=1.61e-05 loss=2.1337 mark=0.4477 time=5.6201 acc1=0.8900
ep 8 step 36950 lr=1.58e-05 loss=2.1338 mark=0.4479 time=5.6195 acc1=0.8899
ep 8 step 37000 lr=1.56e-05 loss=2.1323 mark=0.4479 time=5.6148 acc1=0.8899
ep 8 step 37050 lr=1.53e-05 loss=2.1333 mark=0.4488 time=5.6150 acc1=0.8899
ep 8 step 37100 lr=1.51e-05 loss=2.1334 mark=0.4501 time=5.6110 acc1=0.8898
ep 8 step 37150 lr=1.49e-05 loss=2.1364 mark=0.4518 time=5.6152 acc1=0.8897
ep 8 step 37200 lr=1.46e-05 loss=2.1348 mark=0.4508 time=5.6133 acc1=0.8899
ep 8 step 37250 lr=1.44e-05 loss=2.1338 mark=0.4510 time=5.6094 acc1=0.8900
ep 8 step 37300 lr=1.42e-05 loss=2.1338 mark=0.4512 time=5.6087 acc1=0.8902
ep 8 step 37350 lr=1.39e-05 loss=2.1350 mark=0.4518 time=5.6108 acc1=0.8903
ep 8 step 37400 lr=1.37e-05 loss=2.1354 mark=0.4518 time=5.6119 acc1=0.8904
ep 8 step 37450 lr=1.35e-05 loss=2.1355 mark=0.4518 time=5.6123 acc1=0.8903
ep 8 step 37500 lr=1.32e-05 loss=2.1350 mark=0.4517 time=5.6111 acc1=0.8904
ep 8 step 37550 lr=1.30e-05 loss=2.1357 mark=0.4530 time=5.6091 acc1=0.8902
ep 8 step 37600 lr=1.28e-05 loss=2.1351 mark=0.4527 time=5.6079 acc1=0.8903
ep 8 step 37650 lr=1.26e-05 loss=2.1356 mark=0.4523 time=5.6108 acc1=0.8905
ep 8 step 37700 lr=1.23e-05 loss=2.1341 mark=0.4519 time=5.6073 acc1=0.8905
ep 8 step 37750 lr=1.21e-05 loss=2.1343 mark=0.4519 time=5.6079 acc1=0.8905
ep 8 step 37800 lr=1.19e-05 loss=2.1341 mark=0.4515 time=5.6088 acc1=0.8905
ep 8 step 37850 lr=1.17e-05 loss=2.1335 mark=0.4507 time=5.6091 acc1=0.8906
ep 8 step 37900 lr=1.15e-05 loss=2.1344 mark=0.4510 time=5.6114 acc1=0.8907
ep 8 step 37950 lr=1.13e-05 loss=2.1342 mark=0.4502 time=5.6132 acc1=0.8908
ep 8 step 38000 lr=1.11e-05 loss=2.1344 mark=0.4508 time=5.6120 acc1=0.8906
ep 8 step 38050 lr=1.09e-05 loss=2.1339 mark=0.4509 time=5.6101 acc1=0.8906
ep 8 step 38100 lr=1.07e-05 loss=2.1332 mark=0.4508 time=5.6081 acc1=0.8906
ep 8 step 38150 lr=1.04e-05 loss=2.1326 mark=0.4509 time=5.6058 acc1=0.8906
ep 8 step 38200 lr=1.02e-05 loss=2.1324 mark=0.4513 time=5.6038 acc1=0.8906
ep 8 step 38250 lr=1.00e-05 loss=2.1326 mark=0.4515 time=5.6036 acc1=0.8906
ep 8 step 38300 lr=9.85e-06 loss=2.1344 mark=0.4530 time=5.6044 acc1=0.8904
ep 8 step 38350 lr=9.65e-06 loss=2.1342 mark=0.4529 time=5.6043 acc1=0.8903
ep 8 step 38400 lr=9.46e-06 loss=2.1342 mark=0.4524 time=5.6060 acc1=0.8905
ep 8 step 38450 lr=9.27e-06 loss=2.1346 mark=0.4525 time=5.6068 acc1=0.8905
ep 8 step 38500 lr=9.08e-06 loss=2.1347 mark=0.4525 time=5.6074 acc1=0.8905
ep 8 step 38550 lr=8.89e-06 loss=2.1342 mark=0.4531 time=5.6036 acc1=0.8905
ep 8 step 38600 lr=8.71e-06 loss=2.1338 mark=0.4527 time=5.6035 acc1=0.8906
ep 8 step 38650 lr=8.52e-06 loss=2.1347 mark=0.4531 time=5.6054 acc1=0.8906
ep 8 step 38700 lr=8.34e-06 loss=2.1356 mark=0.4535 time=5.6067 acc1=0.8905
ep 8 step 38750 lr=8.16e-06 loss=2.1357 mark=0.4539 time=5.6059 acc1=0.8905
ep 8 step 38800 lr=7.98e-06 loss=2.1358 mark=0.4539 time=5.6066 acc1=0.8904
ep 8 step 38850 lr=7.80e-06 loss=2.1359 mark=0.4538 time=5.6070 acc1=0.8903
ep 8 step 38900 lr=7.63e-06 loss=2.1348 mark=0.4533 time=5.6050 acc1=0.8905
[ep 8] val top1=0.8381 top3=0.9129 top5=0.9295 time_nll=5.7769  (490s)
  -> saved best to m4_runs\v2_all/best.pt
ep 9 step 38950 lr=7.46e-06 loss=2.2068 mark=0.4938 time=5.7100 acc1=0.8730
ep 9 step 39000 lr=7.29e-06 loss=2.0993 mark=0.4231 time=5.5873 acc1=0.8916
ep 9 step 39050 lr=7.12e-06 loss=2.1092 mark=0.4184 time=5.6360 acc1=0.8922
ep 9 step 39100 lr=6.95e-06 loss=2.1117 mark=0.4106 time=5.6701 acc1=0.8925
ep 9 step 39150 lr=6.79e-06 loss=2.0906 mark=0.4134 time=5.5906 acc1=0.8935
ep 9 step 39200 lr=6.62e-06 loss=2.1182 mark=0.4366 time=5.6054 acc1=0.8896
ep 9 step 39250 lr=6.46e-06 loss=2.1068 mark=0.4281 time=5.5957 acc1=0.8911
ep 9 step 39300 lr=6.30e-06 loss=2.1116 mark=0.4323 time=5.5976 acc1=0.8899
ep 9 step 39350 lr=6.15e-06 loss=2.0959 mark=0.4234 time=5.5751 acc1=0.8924
ep 9 step 39400 lr=5.99e-06 loss=2.1091 mark=0.4298 time=5.5977 acc1=0.8924
ep 9 step 39450 lr=5.84e-06 loss=2.1138 mark=0.4327 time=5.6036 acc1=0.8911
ep 9 step 39500 lr=5.69e-06 loss=2.1128 mark=0.4282 time=5.6153 acc1=0.8918
ep 9 step 39550 lr=5.54e-06 loss=2.1241 mark=0.4374 time=5.6222 acc1=0.8908
ep 9 step 39600 lr=5.39e-06 loss=2.1259 mark=0.4409 time=5.6167 acc1=0.8902
ep 9 step 39650 lr=5.25e-06 loss=2.1248 mark=0.4407 time=5.6138 acc1=0.8901
ep 9 step 39700 lr=5.10e-06 loss=2.1217 mark=0.4421 time=5.5987 acc1=0.8903
ep 9 step 39750 lr=4.96e-06 loss=2.1251 mark=0.4451 time=5.6000 acc1=0.8902
ep 9 step 39800 lr=4.82e-06 loss=2.1279 mark=0.4471 time=5.6025 acc1=0.8901
ep 9 step 39850 lr=4.68e-06 loss=2.1282 mark=0.4468 time=5.6048 acc1=0.8901
ep 9 step 39900 lr=4.55e-06 loss=2.1306 mark=0.4495 time=5.6037 acc1=0.8899
ep 9 step 39950 lr=4.41e-06 loss=2.1304 mark=0.4477 time=5.6089 acc1=0.8898
ep 9 step 40000 lr=4.28e-06 loss=2.1312 mark=0.4481 time=5.6104 acc1=0.8897
ep 9 step 40050 lr=4.15e-06 loss=2.1314 mark=0.4472 time=5.6140 acc1=0.8899
ep 9 step 40100 lr=4.02e-06 loss=2.1299 mark=0.4479 time=5.6067 acc1=0.8897
ep 9 step 40150 lr=3.90e-06 loss=2.1284 mark=0.4482 time=5.6008 acc1=0.8896
ep 9 step 40200 lr=3.77e-06 loss=2.1275 mark=0.4464 time=5.6037 acc1=0.8901
ep 9 step 40250 lr=3.65e-06 loss=2.1267 mark=0.4464 time=5.6008 acc1=0.8900
ep 9 step 40300 lr=3.53e-06 loss=2.1222 mark=0.4450 time=5.5905 acc1=0.8904
ep 9 step 40350 lr=3.42e-06 loss=2.1224 mark=0.4446 time=5.5928 acc1=0.8905
ep 9 step 40400 lr=3.30e-06 loss=2.1229 mark=0.4443 time=5.5953 acc1=0.8906
ep 9 step 40450 lr=3.19e-06 loss=2.1229 mark=0.4442 time=5.5955 acc1=0.8908
ep 9 step 40500 lr=3.07e-06 loss=2.1210 mark=0.4431 time=5.5931 acc1=0.8913
ep 9 step 40550 lr=2.96e-06 loss=2.1224 mark=0.4442 time=5.5938 acc1=0.8916
ep 9 step 40600 lr=2.86e-06 loss=2.1232 mark=0.4442 time=5.5966 acc1=0.8916
ep 9 step 40650 lr=2.75e-06 loss=2.1208 mark=0.4428 time=5.5934 acc1=0.8919
ep 9 step 40700 lr=2.65e-06 loss=2.1211 mark=0.4435 time=5.5919 acc1=0.8922
ep 9 step 40750 lr=2.54e-06 loss=2.1227 mark=0.4449 time=5.5926 acc1=0.8922
ep 9 step 40800 lr=2.44e-06 loss=2.1234 mark=0.4457 time=5.5923 acc1=0.8921
ep 9 step 40850 lr=2.35e-06 loss=2.1213 mark=0.4448 time=5.5883 acc1=0.8922
ep 9 step 40900 lr=2.25e-06 loss=2.1216 mark=0.4443 time=5.5909 acc1=0.8924
ep 9 step 40950 lr=2.16e-06 loss=2.1199 mark=0.4430 time=5.5894 acc1=0.8925
ep 9 step 41000 lr=2.06e-06 loss=2.1203 mark=0.4429 time=5.5914 acc1=0.8924
ep 9 step 41050 lr=1.97e-06 loss=2.1201 mark=0.4435 time=5.5887 acc1=0.8924
ep 9 step 41100 lr=1.88e-06 loss=2.1200 mark=0.4434 time=5.5885 acc1=0.8924
ep 9 step 41150 lr=1.80e-06 loss=2.1176 mark=0.4422 time=5.5847 acc1=0.8927
ep 9 step 41200 lr=1.71e-06 loss=2.1179 mark=0.4424 time=5.5852 acc1=0.8926
ep 9 step 41250 lr=1.63e-06 loss=2.1188 mark=0.4429 time=5.5863 acc1=0.8925
ep 9 step 41300 lr=1.55e-06 loss=2.1187 mark=0.4428 time=5.5864 acc1=0.8925
ep 9 step 41350 lr=1.47e-06 loss=2.1189 mark=0.4419 time=5.5899 acc1=0.8926
ep 9 step 41400 lr=1.40e-06 loss=2.1204 mark=0.4424 time=5.5931 acc1=0.8924
ep 9 step 41450 lr=1.32e-06 loss=2.1218 mark=0.4434 time=5.5946 acc1=0.8920
ep 9 step 41500 lr=1.25e-06 loss=2.1207 mark=0.4425 time=5.5940 acc1=0.8920
ep 9 step 41550 lr=1.18e-06 loss=2.1197 mark=0.4419 time=5.5927 acc1=0.8921
ep 9 step 41600 lr=1.11e-06 loss=2.1209 mark=0.4422 time=5.5957 acc1=0.8921
ep 9 step 41650 lr=1.05e-06 loss=2.1219 mark=0.4430 time=5.5963 acc1=0.8920
ep 9 step 41700 lr=9.84e-07 loss=2.1208 mark=0.4427 time=5.5936 acc1=0.8921
ep 9 step 41750 lr=9.22e-07 loss=2.1197 mark=0.4421 time=5.5919 acc1=0.8923
ep 9 step 41800 lr=8.62e-07 loss=2.1222 mark=0.4435 time=5.5956 acc1=0.8920
ep 9 step 41850 lr=8.04e-07 loss=2.1215 mark=0.4438 time=5.5923 acc1=0.8919
ep 9 step 41900 lr=7.48e-07 loss=2.1231 mark=0.4441 time=5.5965 acc1=0.8919
ep 9 step 41950 lr=6.94e-07 loss=2.1232 mark=0.4447 time=5.5950 acc1=0.8918
ep 9 step 42000 lr=6.42e-07 loss=2.1223 mark=0.4442 time=5.5939 acc1=0.8920
ep 9 step 42050 lr=5.92e-07 loss=2.1209 mark=0.4436 time=5.5910 acc1=0.8920
ep 9 step 42100 lr=5.44e-07 loss=2.1205 mark=0.4435 time=5.5898 acc1=0.8921
ep 9 step 42150 lr=4.99e-07 loss=2.1206 mark=0.4435 time=5.5904 acc1=0.8921
ep 9 step 42200 lr=4.55e-07 loss=2.1207 mark=0.4436 time=5.5901 acc1=0.8922
ep 9 step 42250 lr=4.13e-07 loss=2.1207 mark=0.4431 time=5.5919 acc1=0.8923
ep 9 step 42300 lr=3.73e-07 loss=2.1214 mark=0.4440 time=5.5914 acc1=0.8923
ep 9 step 42350 lr=3.35e-07 loss=2.1219 mark=0.4443 time=5.5920 acc1=0.8921
ep 9 step 42400 lr=2.99e-07 loss=2.1218 mark=0.4439 time=5.5929 acc1=0.8922
ep 9 step 42450 lr=2.66e-07 loss=2.1216 mark=0.4440 time=5.5921 acc1=0.8923
ep 9 step 42500 lr=2.34e-07 loss=2.1206 mark=0.4437 time=5.5895 acc1=0.8924
ep 9 step 42550 lr=2.04e-07 loss=2.1216 mark=0.4439 time=5.5922 acc1=0.8923
ep 9 step 42600 lr=1.76e-07 loss=2.1208 mark=0.4434 time=5.5914 acc1=0.8923
ep 9 step 42650 lr=1.51e-07 loss=2.1201 mark=0.4427 time=5.5910 acc1=0.8922
ep 9 step 42700 lr=1.27e-07 loss=2.1203 mark=0.4431 time=5.5907 acc1=0.8922
ep 9 step 42750 lr=1.05e-07 loss=2.1202 mark=0.4435 time=5.5889 acc1=0.8923
ep 9 step 42800 lr=8.57e-08 loss=2.1207 mark=0.4434 time=5.5911 acc1=0.8923
ep 9 step 42850 lr=6.80e-08 loss=2.1205 mark=0.4432 time=5.5911 acc1=0.8924
ep 9 step 42900 lr=5.25e-08 loss=2.1190 mark=0.4421 time=5.5896 acc1=0.8925
ep 9 step 42950 lr=3.89e-08 loss=2.1187 mark=0.4419 time=5.5893 acc1=0.8926
ep 9 step 43000 lr=2.74e-08 loss=2.1182 mark=0.4418 time=5.5881 acc1=0.8926
ep 9 step 43050 lr=1.79e-08 loss=2.1186 mark=0.4416 time=5.5901 acc1=0.8926
ep 9 step 43100 lr=1.04e-08 loss=2.1181 mark=0.4409 time=5.5904 acc1=0.8927
ep 9 step 43150 lr=4.90e-09 loss=2.1173 mark=0.4402 time=5.5905 acc1=0.8927
ep 9 step 43200 lr=1.46e-09 loss=2.1161 mark=0.4394 time=5.5888 acc1=0.8928
ep 9 step 43250 lr=4.05e-11 loss=2.1172 mark=0.4404 time=5.5891 acc1=0.8928
[ep 9] val top1=0.8385 top3=0.9126 top5=0.9299 time_nll=5.8023  (501s)
  -> saved best to m4_runs\v2_all/best.pt

[test] loading best checkpoint...
[test] top1=0.8506 top3=0.9258 top5=0.9434 time_nll=5.9872
  n_legal in 1-1: n=3  top1=1.0
  n_legal in 2-3: n=3  top1=0.0
  n_legal in 4-6: n=17  top1=0.8823529481887817
  n_legal in 7-15: n=120  top1=0.9583333134651184
  n_legal in 16-300: n=10047  top1=0.8495073318481445
